running egg_info
creating ../../build/monitor_node/monitor_node.egg-info
writing ../../build/monitor_node/monitor_node.egg-info/PKG-INFO
writing dependency_links to ../../build/monitor_node/monitor_node.egg-info/dependency_links.txt
writing entry points to ../../build/monitor_node/monitor_node.egg-info/entry_points.txt
writing requirements to ../../build/monitor_node/monitor_node.egg-info/requires.txt
writing top-level names to ../../build/monitor_node/monitor_node.egg-info/top_level.txt
writing manifest file '../../build/monitor_node/monitor_node.egg-info/SOURCES.txt'
reading manifest file '../../build/monitor_node/monitor_node.egg-info/SOURCES.txt'
writing manifest file '../../build/monitor_node/monitor_node.egg-info/SOURCES.txt'
running build
running build_py
creating /home/yamashita/LegControll/build/monitor_node/build
creating /home/yamashita/LegControll/build/monitor_node/build/lib
creating /home/yamashita/LegControll/build/monitor_node/build/lib/monitor_node
copying monitor_node/__init__.py -> /home/yamashita/LegControll/build/monitor_node/build/lib/monitor_node
running install
running install_lib
creating /home/yamashita/LegControll/install/monitor_node/lib/python3.10/site-packages/monitor_node
copying /home/yamashita/LegControll/build/monitor_node/build/lib/monitor_node/__init__.py -> /home/yamashita/LegControll/install/monitor_node/lib/python3.10/site-packages/monitor_node
byte-compiling /home/yamashita/LegControll/install/monitor_node/lib/python3.10/site-packages/monitor_node/__init__.py to __init__.cpython-310.pyc
running install_data
creating /home/yamashita/LegControll/install/monitor_node/share/ament_index
creating /home/yamashita/LegControll/install/monitor_node/share/ament_index/resource_index
creating /home/yamashita/LegControll/install/monitor_node/share/ament_index/resource_index/packages
copying resource/monitor_node -> /home/yamashita/LegControll/install/monitor_node/share/ament_index/resource_index/packages
copying package.xml -> /home/yamashita/LegControll/install/monitor_node/share/monitor_node
running install_egg_info
Copying ../../build/monitor_node/monitor_node.egg-info to /home/yamashita/LegControll/install/monitor_node/lib/python3.10/site-packages/monitor_node-0.0.0-py3.10.egg-info
running install_scripts
writing list of installed files to '/home/yamashita/LegControll/build/monitor_node/install.log'
