[0.419s] Invoking command in '/home/yamashita/LegControll/build/urg_node2': CMAKE_PREFIX_PATH=${CMAKE_PREFIX_PATH}:/home/yamashita/LegControll/install/test_controll:/home/yamashita/auto_robot_2024/install/controll_robot:/opt/ros/humble /usr/bin/cmake --build /home/yamashita/LegControll/build/urg_node2 -- -j12 -l12
[0.457s] [ 45%] Built target urg_c
[0.460s] [ 55%] Built target gtest
[0.461s] [ 65%] Built target urg_node2_node
[0.461s] [ 75%] Built target gtest_main
[0.479s] [ 85%] Built target urg_node2
[0.486s] [100%] Built target urg_node2_test
[0.495s] Invoked command in '/home/yamashita/LegControll/build/urg_node2' returned '0': CMAKE_PREFIX_PATH=${CMAKE_PREFIX_PATH}:/home/yamashita/LegControll/install/test_controll:/home/yamashita/auto_robot_2024/install/controll_robot:/opt/ros/humble /usr/bin/cmake --build /home/yamashita/LegControll/build/urg_node2 -- -j12 -l12
[0.562s] Invoking command in '/home/yamashita/LegControll/build/urg_node2': CMAKE_PREFIX_PATH=${CMAKE_PREFIX_PATH}:/home/yamashita/LegControll/install/test_controll:/home/yamashita/auto_robot_2024/install/controll_robot:/opt/ros/humble /usr/bin/cmake --install /home/yamashita/LegControll/build/urg_node2
[0.566s] -- Install configuration: ""
[0.566s] -- Execute custom install script
[0.566s] -- Up-to-date symlink: /home/yamashita/LegControll/install/urg_node2/lib/urg_node2/urg_node2_node
[0.566s] -- Up-to-date symlink: /home/yamashita/LegControll/install/urg_node2/lib/liburg_node2.so
[0.567s] -- Up-to-date symlink: /home/yamashita/LegControll/install/urg_node2/lib/liburg_c.so
[0.567s] -- Up-to-date symlink: /home/yamashita/LegControll/install/urg_node2/share/urg_node2/launch/urg_node2.launch.py
[0.568s] -- Up-to-date symlink: /home/yamashita/LegControll/install/urg_node2/share/urg_node2/launch/urg_node2_2lidar.launch.py
[0.568s] -- Up-to-date symlink: /home/yamashita/LegControll/install/urg_node2/share/urg_node2/launch/urg_node2_component.launch.py
[0.569s] -- Up-to-date symlink: /home/yamashita/LegControll/install/urg_node2/share/urg_node2/config/params_ether.yaml
[0.569s] -- Up-to-date symlink: /home/yamashita/LegControll/install/urg_node2/share/urg_node2/config/params_ether_2nd.yaml
[0.569s] -- Up-to-date symlink: /home/yamashita/LegControll/install/urg_node2/share/urg_node2/config/params_serial.yaml
[0.569s] -- Up-to-date symlink: /home/yamashita/LegControll/install/urg_node2/share/ament_index/resource_index/package_run_dependencies/urg_node2
[0.570s] -- Up-to-date symlink: /home/yamashita/LegControll/install/urg_node2/share/ament_index/resource_index/parent_prefix_path/urg_node2
[0.570s] -- Up-to-date symlink: /home/yamashita/LegControll/install/urg_node2/share/urg_node2/environment/ament_prefix_path.sh
[0.570s] -- Up-to-date symlink: /home/yamashita/LegControll/install/urg_node2/share/urg_node2/environment/ament_prefix_path.dsv
[0.570s] -- Up-to-date symlink: /home/yamashita/LegControll/install/urg_node2/share/urg_node2/environment/path.sh
[0.570s] -- Up-to-date symlink: /home/yamashita/LegControll/install/urg_node2/share/urg_node2/environment/path.dsv
[0.570s] -- Up-to-date symlink: /home/yamashita/LegControll/install/urg_node2/share/urg_node2/local_setup.bash
[0.571s] -- Up-to-date symlink: /home/yamashita/LegControll/install/urg_node2/share/urg_node2/local_setup.sh
[0.571s] -- Up-to-date symlink: /home/yamashita/LegControll/install/urg_node2/share/urg_node2/local_setup.zsh
[0.571s] -- Up-to-date symlink: /home/yamashita/LegControll/install/urg_node2/share/urg_node2/local_setup.dsv
[0.571s] -- Symlinking: /home/yamashita/LegControll/install/urg_node2/share/urg_node2/package.dsv
[0.576s] -- Up-to-date symlink: /home/yamashita/LegControll/install/urg_node2/share/ament_index/resource_index/packages/urg_node2
[0.576s] -- Up-to-date symlink: /home/yamashita/LegControll/install/urg_node2/share/ament_index/resource_index/rclcpp_components/urg_node2
[0.576s] -- Up-to-date symlink: /home/yamashita/LegControll/install/urg_node2/share/urg_node2/cmake/urg_node2Config.cmake
[0.577s] -- Up-to-date symlink: /home/yamashita/LegControll/install/urg_node2/share/urg_node2/cmake/urg_node2Config-version.cmake
[0.577s] -- Up-to-date symlink: /home/yamashita/LegControll/install/urg_node2/share/urg_node2/package.xml
[0.579s] Invoked command in '/home/yamashita/LegControll/build/urg_node2' returned '0': CMAKE_PREFIX_PATH=${CMAKE_PREFIX_PATH}:/home/yamashita/LegControll/install/test_controll:/home/yamashita/auto_robot_2024/install/controll_robot:/opt/ros/humble /usr/bin/cmake --install /home/yamashita/LegControll/build/urg_node2
