[0.683s] DEBUG:colcon:Command line arguments: ['/usr/bin/colcon', 'build', '--symlink-install']
[0.683s] DEBUG:colcon:Parsed command line arguments: Namespace(log_base=None, log_level=None, verb_name='build', build_base='build', install_base='install', merge_install=False, symlink_install=True, test_result_base=None, continue_on_error=False, executor='parallel', parallel_workers=12, event_handlers=None, ignore_user_meta=False, metas=['./colcon.meta'], base_paths=['.'], packages_ignore=None, packages_ignore_regex=None, paths=None, packages_up_to=None, packages_up_to_regex=None, packages_above=None, packages_above_and_dependencies=None, packages_above_depth=None, packages_select_by_dep=None, packages_skip_by_dep=None, packages_skip_up_to=None, packages_select_build_failed=False, packages_skip_build_finished=False, packages_select_test_failures=False, packages_skip_test_passed=False, packages_select=None, packages_skip=None, packages_select_regex=None, packages_skip_regex=None, packages_start=None, packages_end=None, allow_overriding=[], cmake_args=None, cmake_target=None, cmake_target_skip_unavailable=False, cmake_clean_cache=False, cmake_clean_first=False, cmake_force_configure=False, ament_cmake_args=None, catkin_cmake_args=None, catkin_skip_building_tests=False, verb_parser=<colcon_defaults.argument_parser.defaults.DefaultArgumentsDecorator object at 0x7fe53d2b2680>, verb_extension=<colcon_core.verb.build.BuildVerb object at 0x7fe53d2b25c0>, main=<bound method BuildVerb.main of <colcon_core.verb.build.BuildVerb object at 0x7fe53d2b25c0>>)
[0.705s] Level 1:colcon.colcon_core.package_discovery:discover_packages(colcon_meta) check parameters
[0.705s] Level 1:colcon.colcon_core.package_discovery:discover_packages(recursive) check parameters
[0.705s] Level 1:colcon.colcon_core.package_discovery:discover_packages(ignore) check parameters
[0.705s] Level 1:colcon.colcon_core.package_discovery:discover_packages(path) check parameters
[0.705s] Level 1:colcon.colcon_core.package_discovery:discover_packages(colcon_meta) discover
[0.705s] Level 1:colcon.colcon_core.package_discovery:discover_packages(recursive) discover
[0.705s] INFO:colcon.colcon_core.package_discovery:Crawling recursively for packages in '/home/yamashita/LegControll'
[0.705s] Level 1:colcon.colcon_core.package_identification:_identify(.) by extensions ['ignore', 'ignore_ament_install']
[0.705s] Level 1:colcon.colcon_core.package_identification:_identify(.) by extension 'ignore'
[0.705s] Level 1:colcon.colcon_core.package_identification:_identify(.) by extension 'ignore_ament_install'
[0.705s] Level 1:colcon.colcon_core.package_identification:_identify(.) by extensions ['colcon_pkg']
[0.705s] Level 1:colcon.colcon_core.package_identification:_identify(.) by extension 'colcon_pkg'
[0.706s] Level 1:colcon.colcon_core.package_identification:_identify(.) by extensions ['colcon_meta']
[0.706s] Level 1:colcon.colcon_core.package_identification:_identify(.) by extension 'colcon_meta'
[0.706s] Level 1:colcon.colcon_core.package_identification:_identify(.) by extensions ['ros']
[0.706s] Level 1:colcon.colcon_core.package_identification:_identify(.) by extension 'ros'
[0.713s] Level 1:colcon.colcon_core.package_identification:_identify(.) by extensions ['cmake', 'python']
[0.713s] Level 1:colcon.colcon_core.package_identification:_identify(.) by extension 'cmake'
[0.713s] Level 1:colcon.colcon_core.package_identification:_identify(.) by extension 'python'
[0.713s] Level 1:colcon.colcon_core.package_identification:_identify(.) by extensions ['python_setup_py']
[0.713s] Level 1:colcon.colcon_core.package_identification:_identify(.) by extension 'python_setup_py'
[0.713s] Level 1:colcon.colcon_core.package_identification:_identify(build) by extensions ['ignore', 'ignore_ament_install']
[0.713s] Level 1:colcon.colcon_core.package_identification:_identify(build) by extension 'ignore'
[0.713s] Level 1:colcon.colcon_core.package_identification:_identify(build) ignored
[0.713s] Level 1:colcon.colcon_core.package_identification:_identify(install) by extensions ['ignore', 'ignore_ament_install']
[0.713s] Level 1:colcon.colcon_core.package_identification:_identify(install) by extension 'ignore'
[0.713s] Level 1:colcon.colcon_core.package_identification:_identify(install) ignored
[0.713s] Level 1:colcon.colcon_core.package_identification:_identify(log) by extensions ['ignore', 'ignore_ament_install']
[0.713s] Level 1:colcon.colcon_core.package_identification:_identify(log) by extension 'ignore'
[0.713s] Level 1:colcon.colcon_core.package_identification:_identify(log) ignored
[0.713s] Level 1:colcon.colcon_core.package_identification:_identify(src) by extensions ['ignore', 'ignore_ament_install']
[0.713s] Level 1:colcon.colcon_core.package_identification:_identify(src) by extension 'ignore'
[0.713s] Level 1:colcon.colcon_core.package_identification:_identify(src) by extension 'ignore_ament_install'
[0.713s] Level 1:colcon.colcon_core.package_identification:_identify(src) by extensions ['colcon_pkg']
[0.713s] Level 1:colcon.colcon_core.package_identification:_identify(src) by extension 'colcon_pkg'
[0.713s] Level 1:colcon.colcon_core.package_identification:_identify(src) by extensions ['colcon_meta']
[0.713s] Level 1:colcon.colcon_core.package_identification:_identify(src) by extension 'colcon_meta'
[0.713s] Level 1:colcon.colcon_core.package_identification:_identify(src) by extensions ['ros']
[0.713s] Level 1:colcon.colcon_core.package_identification:_identify(src) by extension 'ros'
[0.713s] Level 1:colcon.colcon_core.package_identification:_identify(src) by extensions ['cmake', 'python']
[0.713s] Level 1:colcon.colcon_core.package_identification:_identify(src) by extension 'cmake'
[0.713s] Level 1:colcon.colcon_core.package_identification:_identify(src) by extension 'python'
[0.713s] Level 1:colcon.colcon_core.package_identification:_identify(src) by extensions ['python_setup_py']
[0.713s] Level 1:colcon.colcon_core.package_identification:_identify(src) by extension 'python_setup_py'
[0.713s] Level 1:colcon.colcon_core.package_identification:_identify(src/test_controll) by extensions ['ignore', 'ignore_ament_install']
[0.713s] Level 1:colcon.colcon_core.package_identification:_identify(src/test_controll) by extension 'ignore'
[0.713s] Level 1:colcon.colcon_core.package_identification:_identify(src/test_controll) by extension 'ignore_ament_install'
[0.714s] Level 1:colcon.colcon_core.package_identification:_identify(src/test_controll) by extensions ['colcon_pkg']
[0.714s] Level 1:colcon.colcon_core.package_identification:_identify(src/test_controll) by extension 'colcon_pkg'
[0.714s] Level 1:colcon.colcon_core.package_identification:_identify(src/test_controll) by extensions ['colcon_meta']
[0.714s] Level 1:colcon.colcon_core.package_identification:_identify(src/test_controll) by extension 'colcon_meta'
[0.714s] Level 1:colcon.colcon_core.package_identification:_identify(src/test_controll) by extensions ['ros']
[0.714s] Level 1:colcon.colcon_core.package_identification:_identify(src/test_controll) by extension 'ros'
[0.715s] DEBUG:colcon.colcon_core.package_identification:Package 'src/test_controll' with type 'ros.ament_python' and name 'test_controll'
[0.715s] Level 1:colcon.colcon_core.package_identification:_identify(src/urg_node2) by extensions ['ignore', 'ignore_ament_install']
[0.715s] Level 1:colcon.colcon_core.package_identification:_identify(src/urg_node2) by extension 'ignore'
[0.715s] Level 1:colcon.colcon_core.package_identification:_identify(src/urg_node2) by extension 'ignore_ament_install'
[0.715s] Level 1:colcon.colcon_core.package_identification:_identify(src/urg_node2) by extensions ['colcon_pkg']
[0.715s] Level 1:colcon.colcon_core.package_identification:_identify(src/urg_node2) by extension 'colcon_pkg'
[0.715s] Level 1:colcon.colcon_core.package_identification:_identify(src/urg_node2) by extensions ['colcon_meta']
[0.715s] Level 1:colcon.colcon_core.package_identification:_identify(src/urg_node2) by extension 'colcon_meta'
[0.715s] Level 1:colcon.colcon_core.package_identification:_identify(src/urg_node2) by extensions ['ros']
[0.715s] Level 1:colcon.colcon_core.package_identification:_identify(src/urg_node2) by extension 'ros'
[0.716s] DEBUG:colcon.colcon_core.package_identification:Package 'src/urg_node2' with type 'ros.ament_cmake' and name 'urg_node2'
[0.716s] Level 1:colcon.colcon_core.package_discovery:discover_packages(recursive) using defaults
[0.716s] Level 1:colcon.colcon_core.package_discovery:discover_packages(ignore) discover
[0.716s] Level 1:colcon.colcon_core.package_discovery:discover_packages(ignore) using defaults
[0.716s] Level 1:colcon.colcon_core.package_discovery:discover_packages(path) discover
[0.716s] Level 1:colcon.colcon_core.package_discovery:discover_packages(path) using defaults
[0.757s] Level 1:colcon.colcon_core.package_discovery:discover_packages(prefix_path) check parameters
[0.757s] Level 1:colcon.colcon_core.package_discovery:discover_packages(prefix_path) discover
[0.770s] DEBUG:colcon.colcon_installed_package_information.package_discovery:Found 1 installed packages in /home/yamashita/LegControll/install
[0.776s] DEBUG:colcon.colcon_installed_package_information.package_discovery:Found 3 installed packages in /home/yamashita/auto_robot_2024/install
[0.782s] DEBUG:colcon.colcon_installed_package_information.package_discovery:Found 341 installed packages in /opt/ros/humble
[0.783s] Level 1:colcon.colcon_core.package_discovery:discover_packages(prefix_path) using defaults
[0.836s] Level 5:colcon.colcon_core.verb:set package 'test_controll' build argument 'cmake_args' from command line to 'None'
[0.836s] Level 5:colcon.colcon_core.verb:set package 'test_controll' build argument 'cmake_target' from command line to 'None'
[0.836s] Level 5:colcon.colcon_core.verb:set package 'test_controll' build argument 'cmake_target_skip_unavailable' from command line to 'False'
[0.836s] Level 5:colcon.colcon_core.verb:set package 'test_controll' build argument 'cmake_clean_cache' from command line to 'False'
[0.836s] Level 5:colcon.colcon_core.verb:set package 'test_controll' build argument 'cmake_clean_first' from command line to 'False'
[0.836s] Level 5:colcon.colcon_core.verb:set package 'test_controll' build argument 'cmake_force_configure' from command line to 'False'
[0.836s] Level 5:colcon.colcon_core.verb:set package 'test_controll' build argument 'ament_cmake_args' from command line to 'None'
[0.836s] Level 5:colcon.colcon_core.verb:set package 'test_controll' build argument 'catkin_cmake_args' from command line to 'None'
[0.836s] Level 5:colcon.colcon_core.verb:set package 'test_controll' build argument 'catkin_skip_building_tests' from command line to 'False'
[0.836s] DEBUG:colcon.colcon_core.verb:Building package 'test_controll' with the following arguments: {'ament_cmake_args': None, 'build_base': '/home/yamashita/LegControll/build/test_controll', 'catkin_cmake_args': None, 'catkin_skip_building_tests': False, 'cmake_args': None, 'cmake_clean_cache': False, 'cmake_clean_first': False, 'cmake_force_configure': False, 'cmake_target': None, 'cmake_target_skip_unavailable': False, 'install_base': '/home/yamashita/LegControll/install/test_controll', 'merge_install': False, 'path': '/home/yamashita/LegControll/src/test_controll', 'symlink_install': True, 'test_result_base': None}
[0.843s] Level 5:colcon.colcon_core.verb:set package 'urg_node2' build argument 'cmake_args' from command line to 'None'
[0.843s] Level 5:colcon.colcon_core.verb:set package 'urg_node2' build argument 'cmake_target' from command line to 'None'
[0.843s] Level 5:colcon.colcon_core.verb:set package 'urg_node2' build argument 'cmake_target_skip_unavailable' from command line to 'False'
[0.843s] Level 5:colcon.colcon_core.verb:set package 'urg_node2' build argument 'cmake_clean_cache' from command line to 'False'
[0.843s] Level 5:colcon.colcon_core.verb:set package 'urg_node2' build argument 'cmake_clean_first' from command line to 'False'
[0.843s] Level 5:colcon.colcon_core.verb:set package 'urg_node2' build argument 'cmake_force_configure' from command line to 'False'
[0.843s] Level 5:colcon.colcon_core.verb:set package 'urg_node2' build argument 'ament_cmake_args' from command line to 'None'
[0.843s] Level 5:colcon.colcon_core.verb:set package 'urg_node2' build argument 'catkin_cmake_args' from command line to 'None'
[0.843s] Level 5:colcon.colcon_core.verb:set package 'urg_node2' build argument 'catkin_skip_building_tests' from command line to 'False'
[0.844s] DEBUG:colcon.colcon_core.verb:Building package 'urg_node2' with the following arguments: {'ament_cmake_args': None, 'build_base': '/home/yamashita/LegControll/build/urg_node2', 'catkin_cmake_args': None, 'catkin_skip_building_tests': False, 'cmake_args': None, 'cmake_clean_cache': False, 'cmake_clean_first': False, 'cmake_force_configure': False, 'cmake_target': None, 'cmake_target_skip_unavailable': False, 'install_base': '/home/yamashita/LegControll/install/urg_node2', 'merge_install': False, 'path': '/home/yamashita/LegControll/src/urg_node2', 'symlink_install': True, 'test_result_base': None}
[0.850s] INFO:colcon.colcon_core.executor:Executing jobs using 'parallel' executor
[0.858s] DEBUG:colcon.colcon_parallel_executor.executor.parallel:run_until_complete
[0.859s] INFO:colcon.colcon_ros.task.ament_python.build:Building ROS package in '/home/yamashita/LegControll/src/test_controll' with build type 'ament_python'
[0.859s] Level 1:colcon.colcon_core.shell:create_environment_hook('test_controll', 'ament_prefix_path')
[0.868s] INFO:colcon.colcon_core.plugin_system:Skipping extension 'colcon_core.shell.bat': Not used on non-Windows systems
[0.869s] INFO:colcon.colcon_core.shell:Creating environment hook '/home/yamashita/LegControll/install/test_controll/share/test_controll/hook/ament_prefix_path.ps1'
[0.869s] INFO:colcon.colcon_core.shell:Creating environment descriptor '/home/yamashita/LegControll/install/test_controll/share/test_controll/hook/ament_prefix_path.dsv'
[0.869s] INFO:colcon.colcon_core.shell:Creating environment hook '/home/yamashita/LegControll/install/test_controll/share/test_controll/hook/ament_prefix_path.sh'
[0.878s] INFO:colcon.colcon_core.shell:Skip shell extension 'powershell' for command environment: Not usable outside of PowerShell
[0.878s] DEBUG:colcon.colcon_core.shell:Skip shell extension 'dsv' for command environment
[0.908s] INFO:colcon.colcon_ros.task.ament_cmake.build:Building ROS package in '/home/yamashita/LegControll/src/urg_node2' with build type 'ament_cmake'
[0.909s] INFO:colcon.colcon_cmake.task.cmake.build:Building CMake package in '/home/yamashita/LegControll/src/urg_node2'
[0.920s] INFO:colcon.colcon_core.shell:Skip shell extension 'powershell' for command environment: Not usable outside of PowerShell
[0.920s] DEBUG:colcon.colcon_core.shell:Skip shell extension 'dsv' for command environment
[1.126s] INFO:colcon.colcon_core.task.python.build:Building Python package in '/home/yamashita/LegControll/src/test_controll'
[1.133s] INFO:colcon.colcon_core.shell:Skip shell extension 'powershell' for command environment: Not usable outside of PowerShell
[1.133s] DEBUG:colcon.colcon_core.shell:Skip shell extension 'dsv' for command environment
[1.165s] DEBUG:colcon.colcon_core.event_handler.log_command:Invoking command in '/home/yamashita/LegControll/build/urg_node2': CMAKE_PREFIX_PATH=${CMAKE_PREFIX_PATH}:/home/yamashita/LegControll/install/test_controll:/home/yamashita/auto_robot_2024/install/controll_robot:/opt/ros/humble /usr/bin/cmake /home/yamashita/LegControll/src/urg_node2 -DAMENT_CMAKE_SYMLINK_INSTALL=1 -DCMAKE_INSTALL_PREFIX=/home/yamashita/LegControll/install/urg_node2
[1.408s] DEBUG:colcon.colcon_core.task.python.build:While undoing a previous installation files outside the Python library path are being ignored: /home/yamashita/LegControll/install/test_controll/share/ament_index/resource_index/packages/test_controll
[1.408s] DEBUG:colcon.colcon_core.task.python.build:While undoing a previous installation files outside the Python library path are being ignored: /home/yamashita/LegControll/install/test_controll/share/test_controll/package.xml
[1.409s] DEBUG:colcon.colcon_core.task.python.build:While undoing a previous installation files outside the Python library path are being ignored: /home/yamashita/LegControll/install/test_controll/lib/test_controll/serial
[1.412s] DEBUG:colcon.colcon_core.event_handler.log_command:Invoking command in '/home/yamashita/LegControll/build/test_controll': PYTHONPATH=/home/yamashita/LegControll/build/test_controll/prefix_override:/home/yamashita/LegControll/install/test_controll/lib/python3.10/site-packages:${PYTHONPATH} /usr/bin/python3 setup.py develop --editable --build-directory /home/yamashita/LegControll/build/test_controll/build --no-deps install_data
[1.708s] Level 1:colcon.colcon_core.shell:create_environment_hook('test_controll', 'pythonpath_develop')
[1.708s] DEBUG:colcon.colcon_core.event_handler.log_command:Invoked command in '/home/yamashita/LegControll/build/test_controll' returned '0': PYTHONPATH=/home/yamashita/LegControll/build/test_controll/prefix_override:/home/yamashita/LegControll/install/test_controll/lib/python3.10/site-packages:${PYTHONPATH} /usr/bin/python3 setup.py develop --editable --build-directory /home/yamashita/LegControll/build/test_controll/build --no-deps install_data
[1.716s] INFO:colcon.colcon_core.shell:Creating environment hook '/home/yamashita/LegControll/build/test_controll/share/test_controll/hook/pythonpath_develop.ps1'
[1.717s] INFO:colcon.colcon_core.shell:Creating environment descriptor '/home/yamashita/LegControll/build/test_controll/share/test_controll/hook/pythonpath_develop.dsv'
[1.717s] INFO:colcon.colcon_core.shell:Creating environment hook '/home/yamashita/LegControll/build/test_controll/share/test_controll/hook/pythonpath_develop.sh'
[1.727s] Level 1:colcon.colcon_core.environment:checking '/home/yamashita/LegControll/install/test_controll' for CMake module files
[1.728s] Level 1:colcon.colcon_core.environment:checking '/home/yamashita/LegControll/install/test_controll' for CMake config files
[1.728s] Level 1:colcon.colcon_core.environment:checking '/home/yamashita/LegControll/install/test_controll/lib'
[1.728s] Level 1:colcon.colcon_core.environment:checking '/home/yamashita/LegControll/install/test_controll/bin'
[1.728s] Level 1:colcon.colcon_core.environment:checking '/home/yamashita/LegControll/install/test_controll/lib/pkgconfig/test_controll.pc'
[1.728s] Level 1:colcon.colcon_core.environment:checking '/home/yamashita/LegControll/install/test_controll/lib/python3.10/site-packages'
[1.729s] Level 1:colcon.colcon_core.shell:create_environment_hook('test_controll', 'pythonpath')
[1.737s] INFO:colcon.colcon_core.shell:Creating environment hook '/home/yamashita/LegControll/install/test_controll/share/test_controll/hook/pythonpath.ps1'
[1.737s] INFO:colcon.colcon_core.shell:Creating environment descriptor '/home/yamashita/LegControll/install/test_controll/share/test_controll/hook/pythonpath.dsv'
[1.737s] INFO:colcon.colcon_core.shell:Creating environment hook '/home/yamashita/LegControll/install/test_controll/share/test_controll/hook/pythonpath.sh'
[1.738s] Level 1:colcon.colcon_core.environment:checking '/home/yamashita/LegControll/install/test_controll/bin'
[1.738s] Level 1:colcon.colcon_core.environment:create_environment_scripts_only(test_controll)
[1.747s] INFO:colcon.colcon_core.shell:Creating package script '/home/yamashita/LegControll/install/test_controll/share/test_controll/package.ps1'
[1.748s] INFO:colcon.colcon_core.shell:Creating package descriptor '/home/yamashita/LegControll/install/test_controll/share/test_controll/package.dsv'
[1.749s] INFO:colcon.colcon_core.shell:Creating package script '/home/yamashita/LegControll/install/test_controll/share/test_controll/package.sh'
[1.749s] INFO:colcon.colcon_core.shell:Creating package script '/home/yamashita/LegControll/install/test_controll/share/test_controll/package.bash'
[1.750s] INFO:colcon.colcon_core.shell:Creating package script '/home/yamashita/LegControll/install/test_controll/share/test_controll/package.zsh'
[1.750s] Level 1:colcon.colcon_core.environment:create_file_with_runtime_dependencies(/home/yamashita/LegControll/install/test_controll/share/colcon-core/packages/test_controll)
[17.640s] DEBUG:colcon.colcon_core.event_handler.log_command:Invoked command in '/home/yamashita/LegControll/build/urg_node2' returned '0': CMAKE_PREFIX_PATH=${CMAKE_PREFIX_PATH}:/home/yamashita/LegControll/install/test_controll:/home/yamashita/auto_robot_2024/install/controll_robot:/opt/ros/humble /usr/bin/cmake /home/yamashita/LegControll/src/urg_node2 -DAMENT_CMAKE_SYMLINK_INSTALL=1 -DCMAKE_INSTALL_PREFIX=/home/yamashita/LegControll/install/urg_node2
[17.640s] DEBUG:colcon.colcon_core.event_handler.log_command:Invoking command in '/home/yamashita/LegControll/build/urg_node2': CMAKE_PREFIX_PATH=${CMAKE_PREFIX_PATH}:/home/yamashita/LegControll/install/test_controll:/home/yamashita/auto_robot_2024/install/controll_robot:/opt/ros/humble /usr/bin/cmake --build /home/yamashita/LegControll/build/urg_node2 -- -j12 -l12
[30.244s] DEBUG:colcon.colcon_core.event_handler.log_command:Invoked command in '/home/yamashita/LegControll/build/urg_node2' returned '0': CMAKE_PREFIX_PATH=${CMAKE_PREFIX_PATH}:/home/yamashita/LegControll/install/test_controll:/home/yamashita/auto_robot_2024/install/controll_robot:/opt/ros/humble /usr/bin/cmake --build /home/yamashita/LegControll/build/urg_node2 -- -j12 -l12
[30.281s] DEBUG:colcon.colcon_core.event_handler.log_command:Invoking command in '/home/yamashita/LegControll/build/urg_node2': CMAKE_PREFIX_PATH=${CMAKE_PREFIX_PATH}:/home/yamashita/LegControll/install/test_controll:/home/yamashita/auto_robot_2024/install/controll_robot:/opt/ros/humble /usr/bin/cmake --install /home/yamashita/LegControll/build/urg_node2
[30.404s] Level 1:colcon.colcon_core.environment:create_environment_scripts_only(urg_node2)
[30.406s] DEBUG:colcon.colcon_core.event_handler.log_command:Invoked command in '/home/yamashita/LegControll/build/urg_node2' returned '0': CMAKE_PREFIX_PATH=${CMAKE_PREFIX_PATH}:/home/yamashita/LegControll/install/test_controll:/home/yamashita/auto_robot_2024/install/controll_robot:/opt/ros/humble /usr/bin/cmake --install /home/yamashita/LegControll/build/urg_node2
[30.412s] Level 1:colcon.colcon_core.environment:checking '/home/yamashita/LegControll/install/urg_node2' for CMake module files
[30.413s] Level 1:colcon.colcon_core.environment:checking '/home/yamashita/LegControll/install/urg_node2' for CMake config files
[30.413s] Level 1:colcon.colcon_core.shell:create_environment_hook('urg_node2', 'cmake_prefix_path')
[30.420s] INFO:colcon.colcon_core.shell:Creating environment hook '/home/yamashita/LegControll/install/urg_node2/share/urg_node2/hook/cmake_prefix_path.ps1'
[30.420s] INFO:colcon.colcon_core.shell:Creating environment descriptor '/home/yamashita/LegControll/install/urg_node2/share/urg_node2/hook/cmake_prefix_path.dsv'
[30.420s] INFO:colcon.colcon_core.shell:Creating environment hook '/home/yamashita/LegControll/install/urg_node2/share/urg_node2/hook/cmake_prefix_path.sh'
[30.421s] Level 1:colcon.colcon_core.environment:checking '/home/yamashita/LegControll/install/urg_node2/lib'
[30.421s] Level 1:colcon.colcon_core.shell:create_environment_hook('urg_node2', 'ld_library_path_lib')
[30.427s] INFO:colcon.colcon_core.shell:Creating environment hook '/home/yamashita/LegControll/install/urg_node2/share/urg_node2/hook/ld_library_path_lib.ps1'
[30.428s] INFO:colcon.colcon_core.shell:Creating environment descriptor '/home/yamashita/LegControll/install/urg_node2/share/urg_node2/hook/ld_library_path_lib.dsv'
[30.428s] INFO:colcon.colcon_core.shell:Creating environment hook '/home/yamashita/LegControll/install/urg_node2/share/urg_node2/hook/ld_library_path_lib.sh'
[30.428s] Level 1:colcon.colcon_core.environment:checking '/home/yamashita/LegControll/install/urg_node2/bin'
[30.428s] Level 1:colcon.colcon_core.environment:checking '/home/yamashita/LegControll/install/urg_node2/lib/pkgconfig/urg_node2.pc'
[30.428s] Level 1:colcon.colcon_core.environment:checking '/home/yamashita/LegControll/install/urg_node2/lib/python3.10/site-packages'
[30.428s] Level 1:colcon.colcon_core.environment:checking '/home/yamashita/LegControll/install/urg_node2/bin'
[30.434s] INFO:colcon.colcon_core.shell:Creating package script '/home/yamashita/LegControll/install/urg_node2/share/urg_node2/package.ps1'
[30.435s] INFO:colcon.colcon_core.shell:Creating package descriptor '/home/yamashita/LegControll/install/urg_node2/share/urg_node2/package.dsv'
[30.435s] INFO:colcon.colcon_core.shell:Creating package script '/home/yamashita/LegControll/install/urg_node2/share/urg_node2/package.sh'
[30.435s] INFO:colcon.colcon_core.shell:Creating package script '/home/yamashita/LegControll/install/urg_node2/share/urg_node2/package.bash'
[30.435s] INFO:colcon.colcon_core.shell:Creating package script '/home/yamashita/LegControll/install/urg_node2/share/urg_node2/package.zsh'
[30.435s] Level 1:colcon.colcon_core.environment:create_file_with_runtime_dependencies(/home/yamashita/LegControll/install/urg_node2/share/colcon-core/packages/urg_node2)
[30.473s] Level 1:colcon.colcon_core.environment:create_environment_scripts_only(urg_node2)
[30.480s] Level 1:colcon.colcon_core.environment:checking '/home/yamashita/LegControll/install/urg_node2' for CMake module files
[30.480s] Level 1:colcon.colcon_core.environment:checking '/home/yamashita/LegControll/install/urg_node2' for CMake config files
[30.480s] Level 1:colcon.colcon_core.shell:create_environment_hook('urg_node2', 'cmake_prefix_path')
[30.487s] INFO:colcon.colcon_core.shell:Creating environment hook '/home/yamashita/LegControll/install/urg_node2/share/urg_node2/hook/cmake_prefix_path.ps1'
[30.487s] INFO:colcon.colcon_core.shell:Creating environment descriptor '/home/yamashita/LegControll/install/urg_node2/share/urg_node2/hook/cmake_prefix_path.dsv'
[30.487s] INFO:colcon.colcon_core.shell:Creating environment hook '/home/yamashita/LegControll/install/urg_node2/share/urg_node2/hook/cmake_prefix_path.sh'
[30.488s] Level 1:colcon.colcon_core.environment:checking '/home/yamashita/LegControll/install/urg_node2/lib'
[30.488s] Level 1:colcon.colcon_core.shell:create_environment_hook('urg_node2', 'ld_library_path_lib')
[30.495s] INFO:colcon.colcon_core.shell:Creating environment hook '/home/yamashita/LegControll/install/urg_node2/share/urg_node2/hook/ld_library_path_lib.ps1'
[30.495s] INFO:colcon.colcon_core.shell:Creating environment descriptor '/home/yamashita/LegControll/install/urg_node2/share/urg_node2/hook/ld_library_path_lib.dsv'
[30.495s] INFO:colcon.colcon_core.shell:Creating environment hook '/home/yamashita/LegControll/install/urg_node2/share/urg_node2/hook/ld_library_path_lib.sh'
[30.495s] Level 1:colcon.colcon_core.environment:checking '/home/yamashita/LegControll/install/urg_node2/bin'
[30.495s] Level 1:colcon.colcon_core.environment:checking '/home/yamashita/LegControll/install/urg_node2/lib/pkgconfig/urg_node2.pc'
[30.495s] Level 1:colcon.colcon_core.environment:checking '/home/yamashita/LegControll/install/urg_node2/lib/python3.10/site-packages'
[30.496s] Level 1:colcon.colcon_core.environment:checking '/home/yamashita/LegControll/install/urg_node2/bin'
[30.502s] INFO:colcon.colcon_core.shell:Creating package script '/home/yamashita/LegControll/install/urg_node2/share/urg_node2/package.ps1'
[30.502s] INFO:colcon.colcon_core.shell:Creating package descriptor '/home/yamashita/LegControll/install/urg_node2/share/urg_node2/package.dsv'
[30.503s] INFO:colcon.colcon_core.shell:Creating package script '/home/yamashita/LegControll/install/urg_node2/share/urg_node2/package.sh'
[30.503s] INFO:colcon.colcon_core.shell:Creating package script '/home/yamashita/LegControll/install/urg_node2/share/urg_node2/package.bash'
[30.503s] INFO:colcon.colcon_core.shell:Creating package script '/home/yamashita/LegControll/install/urg_node2/share/urg_node2/package.zsh'
[30.503s] Level 1:colcon.colcon_core.environment:create_file_with_runtime_dependencies(/home/yamashita/LegControll/install/urg_node2/share/colcon-core/packages/urg_node2)
[30.503s] DEBUG:colcon.colcon_parallel_executor.executor.parallel:closing loop
[30.503s] DEBUG:colcon.colcon_parallel_executor.executor.parallel:loop closed
[30.504s] DEBUG:colcon.colcon_parallel_executor.executor.parallel:run_until_complete finished with '0'
[30.504s] DEBUG:colcon.colcon_core.event_reactor:joining thread
[30.579s] INFO:colcon.colcon_core.plugin_system:Skipping extension 'colcon_notification.desktop_notification.notify_send': Could not find 'notify-send'
[30.579s] INFO:colcon.colcon_core.plugin_system:Skipping extension 'colcon_notification.desktop_notification.terminal_notifier': Not used on non-Darwin systems
[30.579s] INFO:colcon.colcon_core.plugin_system:Skipping extension 'colcon_notification.desktop_notification.win32': Not used on non-Windows systems
[30.579s] INFO:colcon.colcon_notification.desktop_notification:Sending desktop notification using 'notify2'
[30.579s] DEBUG:colcon.colcon_notification.desktop_notification.notify2:Failed to initialize notify2: org.freedesktop.DBus.Error.FileNotFound: Failed to connect to socket /run/user/1000/bus: No such file or directory
[30.580s] DEBUG:colcon.colcon_core.event_reactor:joined thread
[30.593s] INFO:colcon.colcon_core.shell:Creating prefix script '/home/yamashita/LegControll/install/local_setup.ps1'
[30.594s] INFO:colcon.colcon_core.shell:Creating prefix util module '/home/yamashita/LegControll/install/_local_setup_util_ps1.py'
[30.595s] INFO:colcon.colcon_core.shell:Creating prefix chain script '/home/yamashita/LegControll/install/setup.ps1'
[30.605s] INFO:colcon.colcon_core.shell:Creating prefix script '/home/yamashita/LegControll/install/local_setup.sh'
[30.605s] INFO:colcon.colcon_core.shell:Creating prefix util module '/home/yamashita/LegControll/install/_local_setup_util_sh.py'
[30.606s] INFO:colcon.colcon_core.shell:Creating prefix chain script '/home/yamashita/LegControll/install/setup.sh'
[30.612s] INFO:colcon.colcon_core.shell:Creating prefix script '/home/yamashita/LegControll/install/local_setup.bash'
[30.612s] INFO:colcon.colcon_core.shell:Creating prefix chain script '/home/yamashita/LegControll/install/setup.bash'
[30.620s] INFO:colcon.colcon_core.shell:Creating prefix script '/home/yamashita/LegControll/install/local_setup.zsh'
[30.620s] INFO:colcon.colcon_core.shell:Creating prefix chain script '/home/yamashita/LegControll/install/setup.zsh'
