[0.229s] Invoking command in '/home/yamashita/LegControll/build/urg_node2': CMAKE_PREFIX_PATH=${CMAKE_PREFIX_PATH}:/home/yamashita/LegControll/install/test_controll:/home/yamashita/auto_robot_2024/install/controll_robot:/opt/ros/humble /usr/bin/cmake /home/yamashita/LegControll/src/urg_node2 -DCMAKE_INSTALL_PREFIX=/home/yamashita/LegControll/install/urg_node2
[0.243s] -- Found ament_cmake: 1.3.8 (/opt/ros/humble/share/ament_cmake/cmake)
[0.317s] -- Override CMake install command with custom implementation using symlinks instead of copying resources
[0.322s] -- Found rclcpp: 16.0.8 (/opt/ros/humble/share/rclcpp/cmake)
[0.442s] -- Found rosidl_generator_c: 3.1.5 (/opt/ros/humble/share/rosidl_generator_c/cmake)
[0.443s] -- Found rosidl_adapter: 3.1.5 (/opt/ros/humble/share/rosidl_adapter/cmake)
[0.446s] -- Found rosidl_generator_cpp: 3.1.5 (/opt/ros/humble/share/rosidl_generator_cpp/cmake)
[0.454s] -- Using all available rosidl_typesupport_c: rosidl_typesupport_fastrtps_c;rosidl_typesupport_introspection_c
[0.464s] -- Using all available rosidl_typesupport_cpp: rosidl_typesupport_fastrtps_cpp;rosidl_typesupport_introspection_cpp
[0.500s] -- Found rmw_implementation_cmake: 6.1.1 (/opt/ros/humble/share/rmw_implementation_cmake/cmake)
[0.501s] -- Found rmw_fastrtps_cpp: 6.2.6 (/opt/ros/humble/share/rmw_fastrtps_cpp/cmake)
[3.726s] -- Using RMW implementation 'rmw_fastrtps_cpp' as default
[3.823s] -- Found rclcpp_components: 16.0.8 (/opt/ros/humble/share/rclcpp_components/cmake)
[3.862s] -- Found rclcpp_lifecycle: 16.0.8 (/opt/ros/humble/share/rclcpp_lifecycle/cmake)
[3.886s] -- Found sensor_msgs: 4.2.3 (/opt/ros/humble/share/sensor_msgs/cmake)
[3.962s] -- Found diagnostic_updater: 3.1.2 (/opt/ros/humble/share/diagnostic_updater/cmake)
[4.002s] -- Found laser_proc: 1.0.2 (/opt/ros/humble/share/laser_proc/cmake)
[4.014s] -- Found ament_cmake_gtest: 1.3.8 (/opt/ros/humble/share/ament_cmake_gtest/cmake)
[4.015s] -- Found gtest sources under '/opt/ros/humble/src/gtest_vendor': C++ tests using 'Google Test' will be built
[4.066s] -- Configuring done
[4.082s] -- Generating done
[4.084s] -- Build files have been written to: /home/yamashita/LegControll/build/urg_node2
[4.090s] Invoked command in '/home/yamashita/LegControll/build/urg_node2' returned '0': CMAKE_PREFIX_PATH=${CMAKE_PREFIX_PATH}:/home/yamashita/LegControll/install/test_controll:/home/yamashita/auto_robot_2024/install/controll_robot:/opt/ros/humble /usr/bin/cmake /home/yamashita/LegControll/src/urg_node2 -DCMAKE_INSTALL_PREFIX=/home/yamashita/LegControll/install/urg_node2
[4.091s] Invoking command in '/home/yamashita/LegControll/build/urg_node2': CMAKE_PREFIX_PATH=${CMAKE_PREFIX_PATH}:/home/yamashita/LegControll/install/test_controll:/home/yamashita/auto_robot_2024/install/controll_robot:/opt/ros/humble /usr/bin/cmake --build /home/yamashita/LegControll/build/urg_node2 -- -j12 -l12
[4.115s] [35m[1mConsolidate compiler generated dependencies of target urg_node2_node[0m
[4.117s] [35m[1mConsolidate compiler generated dependencies of target gtest[0m
[4.117s] [35m[1mConsolidate compiler generated dependencies of target urg_c[0m
[4.120s] [35m[1mConsolidate compiler generated dependencies of target gtest_main[0m
[4.125s] [ 10%] Built target gtest
[4.127s] [ 55%] Built target urg_c
[4.128s] [ 65%] Built target urg_node2_node
[4.129s] [ 75%] Built target gtest_main
[4.134s] [35m[1mConsolidate compiler generated dependencies of target urg_node2[0m
[4.135s] [35m[1mConsolidate compiler generated dependencies of target urg_node2_test[0m
[4.145s] [ 85%] Built target urg_node2
[4.148s] [100%] Built target urg_node2_test
[4.156s] Invoked command in '/home/yamashita/LegControll/build/urg_node2' returned '0': CMAKE_PREFIX_PATH=${CMAKE_PREFIX_PATH}:/home/yamashita/LegControll/install/test_controll:/home/yamashita/auto_robot_2024/install/controll_robot:/opt/ros/humble /usr/bin/cmake --build /home/yamashita/LegControll/build/urg_node2 -- -j12 -l12
[4.195s] Invoking command in '/home/yamashita/LegControll/build/urg_node2': CMAKE_PREFIX_PATH=${CMAKE_PREFIX_PATH}:/home/yamashita/LegControll/install/test_controll:/home/yamashita/auto_robot_2024/install/controll_robot:/opt/ros/humble /usr/bin/cmake --install /home/yamashita/LegControll/build/urg_node2
[4.199s] -- Install configuration: ""
[4.199s] -- Execute custom install script
[4.200s] -- Up-to-date symlink: /home/yamashita/LegControll/install/urg_node2/lib/urg_node2/urg_node2_node
[4.200s] -- Up-to-date symlink: /home/yamashita/LegControll/install/urg_node2/lib/liburg_node2.so
[4.200s] -- Up-to-date symlink: /home/yamashita/LegControll/install/urg_node2/lib/liburg_c.so
[4.200s] -- Up-to-date symlink: /home/yamashita/LegControll/install/urg_node2/share/urg_node2/launch/urg_node2.launch.py
[4.201s] -- Up-to-date symlink: /home/yamashita/LegControll/install/urg_node2/share/urg_node2/launch/urg_node2_2lidar.launch.py
[4.201s] -- Up-to-date symlink: /home/yamashita/LegControll/install/urg_node2/share/urg_node2/launch/urg_node2_component.launch.py
[4.201s] -- Up-to-date symlink: /home/yamashita/LegControll/install/urg_node2/share/urg_node2/config/params_ether.yaml
[4.201s] -- Up-to-date symlink: /home/yamashita/LegControll/install/urg_node2/share/urg_node2/config/params_ether_2nd.yaml
[4.201s] -- Up-to-date symlink: /home/yamashita/LegControll/install/urg_node2/share/urg_node2/config/params_serial.yaml
[4.201s] -- Up-to-date symlink: /home/yamashita/LegControll/install/urg_node2/share/ament_index/resource_index/package_run_dependencies/urg_node2
[4.201s] -- Up-to-date symlink: /home/yamashita/LegControll/install/urg_node2/share/ament_index/resource_index/parent_prefix_path/urg_node2
[4.201s] -- Up-to-date symlink: /home/yamashita/LegControll/install/urg_node2/share/urg_node2/environment/ament_prefix_path.sh
[4.201s] -- Up-to-date symlink: /home/yamashita/LegControll/install/urg_node2/share/urg_node2/environment/ament_prefix_path.dsv
[4.202s] -- Up-to-date symlink: /home/yamashita/LegControll/install/urg_node2/share/urg_node2/environment/path.sh
[4.202s] -- Up-to-date symlink: /home/yamashita/LegControll/install/urg_node2/share/urg_node2/environment/path.dsv
[4.202s] -- Up-to-date symlink: /home/yamashita/LegControll/install/urg_node2/share/urg_node2/local_setup.bash
[4.202s] -- Up-to-date symlink: /home/yamashita/LegControll/install/urg_node2/share/urg_node2/local_setup.sh
[4.202s] -- Up-to-date symlink: /home/yamashita/LegControll/install/urg_node2/share/urg_node2/local_setup.zsh
[4.202s] -- Up-to-date symlink: /home/yamashita/LegControll/install/urg_node2/share/urg_node2/local_setup.dsv
[4.202s] -- Symlinking: /home/yamashita/LegControll/install/urg_node2/share/urg_node2/package.dsv
[4.207s] -- Up-to-date symlink: /home/yamashita/LegControll/install/urg_node2/share/ament_index/resource_index/packages/urg_node2
[4.207s] -- Up-to-date symlink: /home/yamashita/LegControll/install/urg_node2/share/ament_index/resource_index/rclcpp_components/urg_node2
[4.207s] -- Up-to-date symlink: /home/yamashita/LegControll/install/urg_node2/share/urg_node2/cmake/urg_node2Config.cmake
[4.207s] -- Up-to-date symlink: /home/yamashita/LegControll/install/urg_node2/share/urg_node2/cmake/urg_node2Config-version.cmake
[4.207s] -- Up-to-date symlink: /home/yamashita/LegControll/install/urg_node2/share/urg_node2/package.xml
[4.210s] Invoked command in '/home/yamashita/LegControll/build/urg_node2' returned '0': CMAKE_PREFIX_PATH=${CMAKE_PREFIX_PATH}:/home/yamashita/LegControll/install/test_controll:/home/yamashita/auto_robot_2024/install/controll_robot:/opt/ros/humble /usr/bin/cmake --install /home/yamashita/LegControll/build/urg_node2
