[0.256s] Invoking command in '/home/yamashita/LegControll/build/urg_node2': CMAKE_PREFIX_PATH=${CMAKE_PREFIX_PATH}:/home/yamashita/LegControll/install/test_controll:/home/yamashita/auto_robot_2024/install/controll_robot:/opt/ros/humble /usr/bin/cmake /home/yamashita/LegControll/src/urg_node2 -DAMENT_CMAKE_SYMLINK_INSTALL=1 -DCMAKE_INSTALL_PREFIX=/home/yamashita/LegControll/install/urg_node2
[0.537s] -- The C compiler identification is GNU 11.4.0
[1.442s] -- The CXX compiler identification is GNU 11.4.0
[2.142s] -- Detecting C compiler ABI info
[2.494s] -- Detecting C compiler ABI info - done
[2.503s] -- Check for working C compiler: /usr/bin/cc - skipped
[2.505s] -- Detecting C compile features
[2.507s] -- Detecting C compile features - done
[2.513s] -- Detecting CXX compiler ABI info
[2.846s] -- Detecting CXX compiler ABI info - done
[2.852s] -- Check for working CXX compiler: /usr/bin/c++ - skipped
[2.852s] -- Detecting CXX compile features
[2.853s] -- Detecting CXX compile features - done
[2.870s] -- Found ament_cmake: 1.3.8 (/opt/ros/humble/share/ament_cmake/cmake)
[2.987s] -- Found Python3: /usr/bin/python3 (found version "3.10.12") found components: Interpreter 
[3.043s] -- Override CMake install command with custom implementation using symlinks instead of copying resources
[3.087s] -- Found rclcpp: 16.0.8 (/opt/ros/humble/share/rclcpp/cmake)
[3.225s] -- Found rosidl_generator_c: 3.1.5 (/opt/ros/humble/share/rosidl_generator_c/cmake)
[3.234s] -- Found rosidl_adapter: 3.1.5 (/opt/ros/humble/share/rosidl_adapter/cmake)
[3.253s] -- Found rosidl_generator_cpp: 3.1.5 (/opt/ros/humble/share/rosidl_generator_cpp/cmake)
[3.283s] -- Using all available rosidl_typesupport_c: rosidl_typesupport_fastrtps_c;rosidl_typesupport_introspection_c
[3.317s] -- Using all available rosidl_typesupport_cpp: rosidl_typesupport_fastrtps_cpp;rosidl_typesupport_introspection_cpp
[3.422s] -- Found rmw_implementation_cmake: 6.1.1 (/opt/ros/humble/share/rmw_implementation_cmake/cmake)
[3.427s] -- Found rmw_fastrtps_cpp: 6.2.6 (/opt/ros/humble/share/rmw_fastrtps_cpp/cmake)
[5.970s] -- Found OpenSSL: /usr/lib/x86_64-linux-gnu/libcrypto.so (found version "3.0.2")  
[8.954s] -- Found FastRTPS: /opt/ros/humble/include  
[15.760s] -- Using RMW implementation 'rmw_fastrtps_cpp' as default
[15.793s] -- Looking for pthread.h
[15.975s] -- Looking for pthread.h - found
[15.976s] -- Performing Test CMAKE_HAVE_LIBC_PTHREAD
[16.152s] -- Performing Test CMAKE_HAVE_LIBC_PTHREAD - Success
[16.153s] -- Found Threads: TRUE  
[16.326s] -- Found rclcpp_components: 16.0.8 (/opt/ros/humble/share/rclcpp_components/cmake)
[16.401s] -- Found rclcpp_lifecycle: 16.0.8 (/opt/ros/humble/share/rclcpp_lifecycle/cmake)
[16.445s] -- Found sensor_msgs: 4.2.3 (/opt/ros/humble/share/sensor_msgs/cmake)
[16.553s] -- Found diagnostic_updater: 3.1.2 (/opt/ros/humble/share/diagnostic_updater/cmake)
[16.614s] -- Found laser_proc: 1.0.2 (/opt/ros/humble/share/laser_proc/cmake)
[16.630s] -- Found ament_cmake_gtest: 1.3.8 (/opt/ros/humble/share/ament_cmake_gtest/cmake)
[16.636s] -- Found gtest sources under '/opt/ros/humble/src/gtest_vendor': C++ tests using 'Google Test' will be built
[16.693s] -- Configuring done
[16.720s] -- Generating done
[16.721s] -- Build files have been written to: /home/yamashita/LegControll/build/urg_node2
[16.731s] Invoked command in '/home/yamashita/LegControll/build/urg_node2' returned '0': CMAKE_PREFIX_PATH=${CMAKE_PREFIX_PATH}:/home/yamashita/LegControll/install/test_controll:/home/yamashita/auto_robot_2024/install/controll_robot:/opt/ros/humble /usr/bin/cmake /home/yamashita/LegControll/src/urg_node2 -DAMENT_CMAKE_SYMLINK_INSTALL=1 -DCMAKE_INSTALL_PREFIX=/home/yamashita/LegControll/install/urg_node2
[16.731s] Invoking command in '/home/yamashita/LegControll/build/urg_node2': CMAKE_PREFIX_PATH=${CMAKE_PREFIX_PATH}:/home/yamashita/LegControll/install/test_controll:/home/yamashita/auto_robot_2024/install/controll_robot:/opt/ros/humble /usr/bin/cmake --build /home/yamashita/LegControll/build/urg_node2 -- -j12 -l12
[16.764s] [ 10%] [32mBuilding CXX object gtest/CMakeFiles/gtest_main.dir/src/gtest_main.cc.o[0m
[16.764s] [ 10%] [32mBuilding CXX object CMakeFiles/urg_node2_node.dir/rclcpp_components/node_main_urg_node2_node.cpp.o[0m
[16.764s] [ 15%] [32mBuilding CXX object gtest/CMakeFiles/gtest.dir/src/gtest-all.cc.o[0m
[16.770s] [ 20%] [32mBuilding C object CMakeFiles/urg_c.dir/urg_library/current/src/urg_sensor.c.o[0m
[16.770s] [ 25%] [32mBuilding C object CMakeFiles/urg_c.dir/urg_library/current/src/urg_connection.c.o[0m
[16.770s] [ 30%] [32mBuilding C object CMakeFiles/urg_c.dir/urg_library/current/src/urg_utils.c.o[0m
[16.772s] [ 35%] [32mBuilding C object CMakeFiles/urg_c.dir/urg_library/current/src/urg_debug.c.o[0m
[16.772s] [ 40%] [32mBuilding C object CMakeFiles/urg_c.dir/urg_library/current/src/urg_serial_utils.c.o[0m
[16.773s] [ 45%] [32mBuilding C object CMakeFiles/urg_c.dir/urg_library/current/src/urg_ring_buffer.c.o[0m
[16.774s] [ 50%] [32mBuilding C object CMakeFiles/urg_c.dir/urg_library/current/src/urg_tcpclient.c.o[0m
[16.775s] [ 55%] [32mBuilding C object CMakeFiles/urg_c.dir/urg_library/current/src/urg_serial.c.o[0m
[16.822s] [01m[K/home/yamashita/LegControll/src/urg_node2/urg_library/current/src/urg_sensor.c:1349:8:[m[K [01;35m[Kwarning: [m[Ktype qualifiers ignored on function return type [[01;35m[K]8;;https://gcc.gnu.org/onlinedocs/gcc/Warning-Options.html#index-Wignored-qualifiers-Wignored-qualifiers]8;;[m[K]
[16.823s]  1349 | static [01;35m[Kconst[m[K int receive_II_command_response(urg_t *urg,
[16.823s]       |        [01;35m[K^~~~~[m[K
[16.825s] [01m[K/home/yamashita/LegControll/src/urg_node2/urg_library/current/src/urg_utils.c:[m[K In function ‘[01m[Kurg_delay[m[K’:
[16.825s] [01m[K/home/yamashita/LegControll/src/urg_node2/urg_library/current/src/urg_utils.c:224:5:[m[K [01;35m[Kwarning: [m[Kimplicit declaration of function ‘[01m[Kusleep[m[K’; did you mean ‘[01m[Kurg_sleep[m[K’? [[01;35m[K]8;;https://gcc.gnu.org/onlinedocs/gcc/Warning-Options.html#index-Wimplicit-function-declaration-Wimplicit-function-declaration]8;;[m[K]
[16.825s]   224 |     [01;35m[Kusleep[m[K(1000 * delay_msec);
[16.825s]       |     [01;35m[K^~~~~~[m[K
[16.825s]       |     [32m[Kurg_sleep[m[K
[16.869s] [ 60%] [32m[1mLinking C shared library liburg_c.so[0m
[16.972s] [ 60%] Built target urg_c
[16.988s] [ 65%] [32mBuilding CXX object CMakeFiles/urg_node2.dir/src/urg_node2.cpp.o[0m
[17.543s] [ 70%] [32m[1mLinking CXX static library libgtest_main.a[0m
[17.583s] [ 70%] Built target gtest_main
[19.767s] [ 75%] [32m[1mLinking CXX static library libgtest.a[0m
[19.814s] [ 75%] Built target gtest
[19.829s] [ 80%] [32mBuilding CXX object CMakeFiles/urg_node2_test.dir/src/urg_node2.cpp.o[0m
[19.831s] [ 85%] [32mBuilding CXX object CMakeFiles/urg_node2_test.dir/test/urg_node2_test.cpp.o[0m
[20.188s] [ 90%] [32m[1mLinking CXX executable urg_node2_node[0m
[20.403s] [ 90%] Built target urg_node2_node
[23.396s] [ 95%] [32m[1mLinking CXX shared library liburg_node2.so[0m
[23.760s] [ 95%] Built target urg_node2
[28.788s] [100%] [32m[1mLinking CXX executable urg_node2_test[0m
[29.325s] [100%] Built target urg_node2_test
[29.335s] Invoked command in '/home/yamashita/LegControll/build/urg_node2' returned '0': CMAKE_PREFIX_PATH=${CMAKE_PREFIX_PATH}:/home/yamashita/LegControll/install/test_controll:/home/yamashita/auto_robot_2024/install/controll_robot:/opt/ros/humble /usr/bin/cmake --build /home/yamashita/LegControll/build/urg_node2 -- -j12 -l12
[29.372s] Invoking command in '/home/yamashita/LegControll/build/urg_node2': CMAKE_PREFIX_PATH=${CMAKE_PREFIX_PATH}:/home/yamashita/LegControll/install/test_controll:/home/yamashita/auto_robot_2024/install/controll_robot:/opt/ros/humble /usr/bin/cmake --install /home/yamashita/LegControll/build/urg_node2
[29.376s] -- Install configuration: ""
[29.376s] -- Execute custom install script
[29.377s] -- Symlinking: /home/yamashita/LegControll/install/urg_node2/lib/urg_node2/urg_node2_node
[29.382s] -- Symlinking: /home/yamashita/LegControll/install/urg_node2/lib/liburg_node2.so
[29.387s] -- Symlinking: /home/yamashita/LegControll/install/urg_node2/lib/liburg_c.so
[29.392s] -- Symlinking: /home/yamashita/LegControll/install/urg_node2/share/urg_node2/launch/urg_node2.launch.py
[29.397s] -- Symlinking: /home/yamashita/LegControll/install/urg_node2/share/urg_node2/launch/urg_node2_2lidar.launch.py
[29.402s] -- Symlinking: /home/yamashita/LegControll/install/urg_node2/share/urg_node2/launch/urg_node2_component.launch.py
[29.407s] -- Symlinking: /home/yamashita/LegControll/install/urg_node2/share/urg_node2/config/params_ether.yaml
[29.413s] -- Symlinking: /home/yamashita/LegControll/install/urg_node2/share/urg_node2/config/params_ether_2nd.yaml
[29.418s] -- Symlinking: /home/yamashita/LegControll/install/urg_node2/share/urg_node2/config/params_serial.yaml
[29.422s] -- Symlinking: /home/yamashita/LegControll/install/urg_node2/share/ament_index/resource_index/package_run_dependencies/urg_node2
[29.427s] -- Symlinking: /home/yamashita/LegControll/install/urg_node2/share/ament_index/resource_index/parent_prefix_path/urg_node2
[29.432s] -- Symlinking: /home/yamashita/LegControll/install/urg_node2/share/urg_node2/environment/ament_prefix_path.sh
[29.436s] -- Symlinking: /home/yamashita/LegControll/install/urg_node2/share/urg_node2/environment/ament_prefix_path.dsv
[29.441s] -- Symlinking: /home/yamashita/LegControll/install/urg_node2/share/urg_node2/environment/path.sh
[29.445s] -- Symlinking: /home/yamashita/LegControll/install/urg_node2/share/urg_node2/environment/path.dsv
[29.450s] -- Symlinking: /home/yamashita/LegControll/install/urg_node2/share/urg_node2/local_setup.bash
[29.454s] -- Symlinking: /home/yamashita/LegControll/install/urg_node2/share/urg_node2/local_setup.sh
[29.458s] -- Symlinking: /home/yamashita/LegControll/install/urg_node2/share/urg_node2/local_setup.zsh
[29.463s] -- Symlinking: /home/yamashita/LegControll/install/urg_node2/share/urg_node2/local_setup.dsv
[29.467s] -- Symlinking: /home/yamashita/LegControll/install/urg_node2/share/urg_node2/package.dsv
[29.472s] -- Symlinking: /home/yamashita/LegControll/install/urg_node2/share/ament_index/resource_index/packages/urg_node2
[29.476s] -- Symlinking: /home/yamashita/LegControll/install/urg_node2/share/ament_index/resource_index/rclcpp_components/urg_node2
[29.481s] -- Symlinking: /home/yamashita/LegControll/install/urg_node2/share/urg_node2/cmake/urg_node2Config.cmake
[29.485s] -- Symlinking: /home/yamashita/LegControll/install/urg_node2/share/urg_node2/cmake/urg_node2Config-version.cmake
[29.490s] -- Symlinking: /home/yamashita/LegControll/install/urg_node2/share/urg_node2/package.xml
[29.496s] Invoked command in '/home/yamashita/LegControll/build/urg_node2' returned '0': CMAKE_PREFIX_PATH=${CMAKE_PREFIX_PATH}:/home/yamashita/LegControll/install/test_controll:/home/yamashita/auto_robot_2024/install/controll_robot:/opt/ros/humble /usr/bin/cmake --install /home/yamashita/LegControll/build/urg_node2
