running egg_info
creating ../../build/monitor/monitor.egg-info
writing ../../build/monitor/monitor.egg-info/PKG-INFO
writing dependency_links to ../../build/monitor/monitor.egg-info/dependency_links.txt
writing entry points to ../../build/monitor/monitor.egg-info/entry_points.txt
writing requirements to ../../build/monitor/monitor.egg-info/requires.txt
writing top-level names to ../../build/monitor/monitor.egg-info/top_level.txt
writing manifest file '../../build/monitor/monitor.egg-info/SOURCES.txt'
reading manifest file '../../build/monitor/monitor.egg-info/SOURCES.txt'
writing manifest file '../../build/monitor/monitor.egg-info/SOURCES.txt'
running build
running build_py
creating /home/yamashita/LegControll/build/monitor/build
creating /home/yamashita/LegControll/build/monitor/build/lib
creating /home/yamashita/LegControll/build/monitor/build/lib/monitor
copying monitor/__init__.py -> /home/yamashita/LegControll/build/monitor/build/lib/monitor
running install
running install_lib
creating /home/yamashita/LegControll/install/monitor/lib/python3.10/site-packages/monitor
copying /home/yamashita/LegControll/build/monitor/build/lib/monitor/__init__.py -> /home/yamashita/LegControll/install/monitor/lib/python3.10/site-packages/monitor
byte-compiling /home/yamashita/LegControll/install/monitor/lib/python3.10/site-packages/monitor/__init__.py to __init__.cpython-310.pyc
running install_data
creating /home/yamashita/LegControll/install/monitor/share/ament_index
creating /home/yamashita/LegControll/install/monitor/share/ament_index/resource_index
creating /home/yamashita/LegControll/install/monitor/share/ament_index/resource_index/packages
copying resource/monitor -> /home/yamashita/LegControll/install/monitor/share/ament_index/resource_index/packages
copying package.xml -> /home/yamashita/LegControll/install/monitor/share/monitor
copying launch/monitor.launch.py -> /home/yamashita/LegControll/install/monitor/share/monitor
running install_egg_info
Copying ../../build/monitor/monitor.egg-info to /home/yamashita/LegControll/install/monitor/lib/python3.10/site-packages/monitor-0.0.0-py3.10.egg-info
running install_scripts
writing list of installed files to '/home/yamashita/LegControll/build/monitor/install.log'
