[1.115s] Invoking command in '/home/yamashita/LegControll/src/monitor': PYTHONPATH=/home/yamashita/LegControll/build/monitor/prefix_override:/home/yamashita/LegControll/install/monitor/lib/python3.10/site-packages:${PYTHONPATH} /usr/bin/python3 setup.py egg_info --egg-base ../../build/monitor build --build-base /home/yamashita/LegControll/build/monitor/build install --record /home/yamashita/LegControll/build/monitor/install.log --single-version-externally-managed
[1.278s] running egg_info
[1.278s] creating ../../build/monitor/monitor.egg-info
[1.279s] writing ../../build/monitor/monitor.egg-info/PKG-INFO
[1.279s] writing dependency_links to ../../build/monitor/monitor.egg-info/dependency_links.txt
[1.279s] writing entry points to ../../build/monitor/monitor.egg-info/entry_points.txt
[1.279s] writing requirements to ../../build/monitor/monitor.egg-info/requires.txt
[1.280s] writing top-level names to ../../build/monitor/monitor.egg-info/top_level.txt
[1.280s] writing manifest file '../../build/monitor/monitor.egg-info/SOURCES.txt'
[1.281s] reading manifest file '../../build/monitor/monitor.egg-info/SOURCES.txt'
[1.281s] writing manifest file '../../build/monitor/monitor.egg-info/SOURCES.txt'
[1.282s] running build
[1.283s] running build_py
[1.283s] creating /home/yamashita/LegControll/build/monitor/build
[1.283s] creating /home/yamashita/LegControll/build/monitor/build/lib
[1.283s] creating /home/yamashita/LegControll/build/monitor/build/lib/monitor
[1.284s] copying monitor/__init__.py -> /home/yamashita/LegControll/build/monitor/build/lib/monitor
[1.284s] running install
[1.284s] running install_lib
[1.284s] creating /home/yamashita/LegControll/install/monitor/lib/python3.10/site-packages/monitor
[1.284s] copying /home/yamashita/LegControll/build/monitor/build/lib/monitor/__init__.py -> /home/yamashita/LegControll/install/monitor/lib/python3.10/site-packages/monitor
[1.284s] byte-compiling /home/yamashita/LegControll/install/monitor/lib/python3.10/site-packages/monitor/__init__.py to __init__.cpython-310.pyc
[1.284s] running install_data
[1.285s] creating /home/yamashita/LegControll/install/monitor/share/ament_index
[1.285s] creating /home/yamashita/LegControll/install/monitor/share/ament_index/resource_index
[1.286s] creating /home/yamashita/LegControll/install/monitor/share/ament_index/resource_index/packages
[1.286s] copying resource/monitor -> /home/yamashita/LegControll/install/monitor/share/ament_index/resource_index/packages
[1.286s] copying package.xml -> /home/yamashita/LegControll/install/monitor/share/monitor
[1.286s] copying launch/monitor.launch.py -> /home/yamashita/LegControll/install/monitor/share/monitor
[1.286s] running install_egg_info
[1.287s] Copying ../../build/monitor/monitor.egg-info to /home/yamashita/LegControll/install/monitor/lib/python3.10/site-packages/monitor-0.0.0-py3.10.egg-info
[1.288s] running install_scripts
[1.303s] writing list of installed files to '/home/yamashita/LegControll/build/monitor/install.log'
[1.357s] Invoked command in '/home/yamashita/LegControll/src/monitor' returned '0': PYTHONPATH=/home/yamashita/LegControll/build/monitor/prefix_override:/home/yamashita/LegControll/install/monitor/lib/python3.10/site-packages:${PYTHONPATH} /usr/bin/python3 setup.py egg_info --egg-base ../../build/monitor build --build-base /home/yamashita/LegControll/build/monitor/build install --record /home/yamashita/LegControll/build/monitor/install.log --single-version-externally-managed
