[0.562s] DEBUG:colcon:Command line arguments: ['/usr/bin/colcon', 'build']
[0.562s] DEBUG:colcon:Parsed command line arguments: Namespace(log_base=None, log_level=None, verb_name='build', build_base='build', install_base='install', merge_install=False, symlink_install=False, test_result_base=None, continue_on_error=False, executor='parallel', parallel_workers=12, event_handlers=None, ignore_user_meta=False, metas=['./colcon.meta'], base_paths=['.'], packages_ignore=None, packages_ignore_regex=None, paths=None, packages_up_to=None, packages_up_to_regex=None, packages_above=None, packages_above_and_dependencies=None, packages_above_depth=None, packages_select_by_dep=None, packages_skip_by_dep=None, packages_skip_up_to=None, packages_select_build_failed=False, packages_skip_build_finished=False, packages_select_test_failures=False, packages_skip_test_passed=False, packages_select=None, packages_skip=None, packages_select_regex=None, packages_skip_regex=None, packages_start=None, packages_end=None, allow_overriding=[], cmake_args=None, cmake_target=None, cmake_target_skip_unavailable=False, cmake_clean_cache=False, cmake_clean_first=False, cmake_force_configure=False, ament_cmake_args=None, catkin_cmake_args=None, catkin_skip_building_tests=False, verb_parser=<colcon_defaults.argument_parser.defaults.DefaultArgumentsDecorator object at 0x7f34478d75e0>, verb_extension=<colcon_core.verb.build.BuildVerb object at 0x7f34478d4130>, main=<bound method BuildVerb.main of <colcon_core.verb.build.BuildVerb object at 0x7f34478d4130>>)
[0.586s] Level 1:colcon.colcon_core.package_discovery:discover_packages(colcon_meta) check parameters
[0.587s] Level 1:colcon.colcon_core.package_discovery:discover_packages(recursive) check parameters
[0.587s] Level 1:colcon.colcon_core.package_discovery:discover_packages(ignore) check parameters
[0.587s] Level 1:colcon.colcon_core.package_discovery:discover_packages(path) check parameters
[0.587s] Level 1:colcon.colcon_core.package_discovery:discover_packages(colcon_meta) discover
[0.587s] Level 1:colcon.colcon_core.package_discovery:discover_packages(recursive) discover
[0.587s] INFO:colcon.colcon_core.package_discovery:Crawling recursively for packages in '/home/yamashita/LegControll'
[0.587s] Level 1:colcon.colcon_core.package_identification:_identify(.) by extensions ['ignore', 'ignore_ament_install']
[0.587s] Level 1:colcon.colcon_core.package_identification:_identify(.) by extension 'ignore'
[0.587s] Level 1:colcon.colcon_core.package_identification:_identify(.) by extension 'ignore_ament_install'
[0.587s] Level 1:colcon.colcon_core.package_identification:_identify(.) by extensions ['colcon_pkg']
[0.587s] Level 1:colcon.colcon_core.package_identification:_identify(.) by extension 'colcon_pkg'
[0.587s] Level 1:colcon.colcon_core.package_identification:_identify(.) by extensions ['colcon_meta']
[0.587s] Level 1:colcon.colcon_core.package_identification:_identify(.) by extension 'colcon_meta'
[0.587s] Level 1:colcon.colcon_core.package_identification:_identify(.) by extensions ['ros']
[0.587s] Level 1:colcon.colcon_core.package_identification:_identify(.) by extension 'ros'
[0.595s] Level 1:colcon.colcon_core.package_identification:_identify(.) by extensions ['cmake', 'python']
[0.595s] Level 1:colcon.colcon_core.package_identification:_identify(.) by extension 'cmake'
[0.595s] Level 1:colcon.colcon_core.package_identification:_identify(.) by extension 'python'
[0.595s] Level 1:colcon.colcon_core.package_identification:_identify(.) by extensions ['python_setup_py']
[0.595s] Level 1:colcon.colcon_core.package_identification:_identify(.) by extension 'python_setup_py'
[0.595s] Level 1:colcon.colcon_core.package_identification:_identify(build) by extensions ['ignore', 'ignore_ament_install']
[0.595s] Level 1:colcon.colcon_core.package_identification:_identify(build) by extension 'ignore'
[0.595s] Level 1:colcon.colcon_core.package_identification:_identify(build) ignored
[0.595s] Level 1:colcon.colcon_core.package_identification:_identify(install) by extensions ['ignore', 'ignore_ament_install']
[0.595s] Level 1:colcon.colcon_core.package_identification:_identify(install) by extension 'ignore'
[0.595s] Level 1:colcon.colcon_core.package_identification:_identify(install) ignored
[0.595s] Level 1:colcon.colcon_core.package_identification:_identify(log) by extensions ['ignore', 'ignore_ament_install']
[0.595s] Level 1:colcon.colcon_core.package_identification:_identify(log) by extension 'ignore'
[0.595s] Level 1:colcon.colcon_core.package_identification:_identify(log) ignored
[0.596s] Level 1:colcon.colcon_core.package_identification:_identify(src) by extensions ['ignore', 'ignore_ament_install']
[0.596s] Level 1:colcon.colcon_core.package_identification:_identify(src) by extension 'ignore'
[0.596s] Level 1:colcon.colcon_core.package_identification:_identify(src) by extension 'ignore_ament_install'
[0.596s] Level 1:colcon.colcon_core.package_identification:_identify(src) by extensions ['colcon_pkg']
[0.596s] Level 1:colcon.colcon_core.package_identification:_identify(src) by extension 'colcon_pkg'
[0.596s] Level 1:colcon.colcon_core.package_identification:_identify(src) by extensions ['colcon_meta']
[0.596s] Level 1:colcon.colcon_core.package_identification:_identify(src) by extension 'colcon_meta'
[0.596s] Level 1:colcon.colcon_core.package_identification:_identify(src) by extensions ['ros']
[0.596s] Level 1:colcon.colcon_core.package_identification:_identify(src) by extension 'ros'
[0.596s] Level 1:colcon.colcon_core.package_identification:_identify(src) by extensions ['cmake', 'python']
[0.596s] Level 1:colcon.colcon_core.package_identification:_identify(src) by extension 'cmake'
[0.596s] Level 1:colcon.colcon_core.package_identification:_identify(src) by extension 'python'
[0.596s] Level 1:colcon.colcon_core.package_identification:_identify(src) by extensions ['python_setup_py']
[0.596s] Level 1:colcon.colcon_core.package_identification:_identify(src) by extension 'python_setup_py'
[0.596s] Level 1:colcon.colcon_core.package_identification:_identify(src/test_controll) by extensions ['ignore', 'ignore_ament_install']
[0.596s] Level 1:colcon.colcon_core.package_identification:_identify(src/test_controll) by extension 'ignore'
[0.596s] Level 1:colcon.colcon_core.package_identification:_identify(src/test_controll) by extension 'ignore_ament_install'
[0.596s] Level 1:colcon.colcon_core.package_identification:_identify(src/test_controll) by extensions ['colcon_pkg']
[0.596s] Level 1:colcon.colcon_core.package_identification:_identify(src/test_controll) by extension 'colcon_pkg'
[0.596s] Level 1:colcon.colcon_core.package_identification:_identify(src/test_controll) by extensions ['colcon_meta']
[0.596s] Level 1:colcon.colcon_core.package_identification:_identify(src/test_controll) by extension 'colcon_meta'
[0.596s] Level 1:colcon.colcon_core.package_identification:_identify(src/test_controll) by extensions ['ros']
[0.596s] Level 1:colcon.colcon_core.package_identification:_identify(src/test_controll) by extension 'ros'
[0.598s] DEBUG:colcon.colcon_core.package_identification:Package 'src/test_controll' with type 'ros.ament_python' and name 'test_controll'
[0.599s] Level 1:colcon.colcon_core.package_identification:_identify(src/urg_node2) by extensions ['ignore', 'ignore_ament_install']
[0.599s] Level 1:colcon.colcon_core.package_identification:_identify(src/urg_node2) by extension 'ignore'
[0.599s] Level 1:colcon.colcon_core.package_identification:_identify(src/urg_node2) by extension 'ignore_ament_install'
[0.599s] Level 1:colcon.colcon_core.package_identification:_identify(src/urg_node2) by extensions ['colcon_pkg']
[0.599s] Level 1:colcon.colcon_core.package_identification:_identify(src/urg_node2) by extension 'colcon_pkg'
[0.599s] Level 1:colcon.colcon_core.package_identification:_identify(src/urg_node2) by extensions ['colcon_meta']
[0.599s] Level 1:colcon.colcon_core.package_identification:_identify(src/urg_node2) by extension 'colcon_meta'
[0.599s] Level 1:colcon.colcon_core.package_identification:_identify(src/urg_node2) by extensions ['ros']
[0.599s] Level 1:colcon.colcon_core.package_identification:_identify(src/urg_node2) by extension 'ros'
[0.600s] DEBUG:colcon.colcon_core.package_identification:Package 'src/urg_node2' with type 'ros.ament_cmake' and name 'urg_node2'
[0.600s] Level 1:colcon.colcon_core.package_discovery:discover_packages(recursive) using defaults
[0.600s] Level 1:colcon.colcon_core.package_discovery:discover_packages(ignore) discover
[0.600s] Level 1:colcon.colcon_core.package_discovery:discover_packages(ignore) using defaults
[0.600s] Level 1:colcon.colcon_core.package_discovery:discover_packages(path) discover
[0.600s] Level 1:colcon.colcon_core.package_discovery:discover_packages(path) using defaults
[0.650s] Level 1:colcon.colcon_core.package_discovery:discover_packages(prefix_path) check parameters
[0.650s] Level 1:colcon.colcon_core.package_discovery:discover_packages(prefix_path) discover
[0.663s] DEBUG:colcon.colcon_installed_package_information.package_discovery:Found 2 installed packages in /home/yamashita/LegControll/install
[0.670s] DEBUG:colcon.colcon_installed_package_information.package_discovery:Found 3 installed packages in /home/yamashita/auto_robot_2024/install
[0.677s] DEBUG:colcon.colcon_installed_package_information.package_discovery:Found 341 installed packages in /opt/ros/humble
[0.678s] Level 1:colcon.colcon_core.package_discovery:discover_packages(prefix_path) using defaults
[0.734s] Level 5:colcon.colcon_core.verb:set package 'test_controll' build argument 'cmake_args' from command line to 'None'
[0.734s] Level 5:colcon.colcon_core.verb:set package 'test_controll' build argument 'cmake_target' from command line to 'None'
[0.734s] Level 5:colcon.colcon_core.verb:set package 'test_controll' build argument 'cmake_target_skip_unavailable' from command line to 'False'
[0.734s] Level 5:colcon.colcon_core.verb:set package 'test_controll' build argument 'cmake_clean_cache' from command line to 'False'
[0.734s] Level 5:colcon.colcon_core.verb:set package 'test_controll' build argument 'cmake_clean_first' from command line to 'False'
[0.734s] Level 5:colcon.colcon_core.verb:set package 'test_controll' build argument 'cmake_force_configure' from command line to 'False'
[0.734s] Level 5:colcon.colcon_core.verb:set package 'test_controll' build argument 'ament_cmake_args' from command line to 'None'
[0.734s] Level 5:colcon.colcon_core.verb:set package 'test_controll' build argument 'catkin_cmake_args' from command line to 'None'
[0.734s] Level 5:colcon.colcon_core.verb:set package 'test_controll' build argument 'catkin_skip_building_tests' from command line to 'False'
[0.734s] DEBUG:colcon.colcon_core.verb:Building package 'test_controll' with the following arguments: {'ament_cmake_args': None, 'build_base': '/home/yamashita/LegControll/build/test_controll', 'catkin_cmake_args': None, 'catkin_skip_building_tests': False, 'cmake_args': None, 'cmake_clean_cache': False, 'cmake_clean_first': False, 'cmake_force_configure': False, 'cmake_target': None, 'cmake_target_skip_unavailable': False, 'install_base': '/home/yamashita/LegControll/install/test_controll', 'merge_install': False, 'path': '/home/yamashita/LegControll/src/test_controll', 'symlink_install': False, 'test_result_base': None}
[0.745s] Level 5:colcon.colcon_core.verb:set package 'urg_node2' build argument 'cmake_args' from command line to 'None'
[0.745s] Level 5:colcon.colcon_core.verb:set package 'urg_node2' build argument 'cmake_target' from command line to 'None'
[0.745s] Level 5:colcon.colcon_core.verb:set package 'urg_node2' build argument 'cmake_target_skip_unavailable' from command line to 'False'
[0.745s] Level 5:colcon.colcon_core.verb:set package 'urg_node2' build argument 'cmake_clean_cache' from command line to 'False'
[0.745s] Level 5:colcon.colcon_core.verb:set package 'urg_node2' build argument 'cmake_clean_first' from command line to 'False'
[0.745s] Level 5:colcon.colcon_core.verb:set package 'urg_node2' build argument 'cmake_force_configure' from command line to 'False'
[0.745s] Level 5:colcon.colcon_core.verb:set package 'urg_node2' build argument 'ament_cmake_args' from command line to 'None'
[0.745s] Level 5:colcon.colcon_core.verb:set package 'urg_node2' build argument 'catkin_cmake_args' from command line to 'None'
[0.745s] Level 5:colcon.colcon_core.verb:set package 'urg_node2' build argument 'catkin_skip_building_tests' from command line to 'False'
[0.745s] DEBUG:colcon.colcon_core.verb:Building package 'urg_node2' with the following arguments: {'ament_cmake_args': None, 'build_base': '/home/yamashita/LegControll/build/urg_node2', 'catkin_cmake_args': None, 'catkin_skip_building_tests': False, 'cmake_args': None, 'cmake_clean_cache': False, 'cmake_clean_first': False, 'cmake_force_configure': False, 'cmake_target': None, 'cmake_target_skip_unavailable': False, 'install_base': '/home/yamashita/LegControll/install/urg_node2', 'merge_install': False, 'path': '/home/yamashita/LegControll/src/urg_node2', 'symlink_install': False, 'test_result_base': None}
[0.752s] INFO:colcon.colcon_core.executor:Executing jobs using 'parallel' executor
[0.759s] DEBUG:colcon.colcon_parallel_executor.executor.parallel:run_until_complete
[0.760s] INFO:colcon.colcon_ros.task.ament_python.build:Building ROS package in '/home/yamashita/LegControll/src/test_controll' with build type 'ament_python'
[0.760s] Level 1:colcon.colcon_core.shell:create_environment_hook('test_controll', 'ament_prefix_path')
[0.769s] INFO:colcon.colcon_core.plugin_system:Skipping extension 'colcon_core.shell.bat': Not used on non-Windows systems
[0.770s] INFO:colcon.colcon_core.shell:Creating environment hook '/home/yamashita/LegControll/install/test_controll/share/test_controll/hook/ament_prefix_path.ps1'
[0.770s] INFO:colcon.colcon_core.shell:Creating environment descriptor '/home/yamashita/LegControll/install/test_controll/share/test_controll/hook/ament_prefix_path.dsv'
[0.770s] INFO:colcon.colcon_core.shell:Creating environment hook '/home/yamashita/LegControll/install/test_controll/share/test_controll/hook/ament_prefix_path.sh'
[0.777s] INFO:colcon.colcon_core.shell:Skip shell extension 'powershell' for command environment: Not usable outside of PowerShell
[0.777s] DEBUG:colcon.colcon_core.shell:Skip shell extension 'dsv' for command environment
[0.804s] INFO:colcon.colcon_ros.task.ament_cmake.build:Building ROS package in '/home/yamashita/LegControll/src/urg_node2' with build type 'ament_cmake'
[0.804s] INFO:colcon.colcon_cmake.task.cmake.build:Building CMake package in '/home/yamashita/LegControll/src/urg_node2'
[0.813s] INFO:colcon.colcon_core.shell:Skip shell extension 'powershell' for command environment: Not usable outside of PowerShell
[0.813s] DEBUG:colcon.colcon_core.shell:Skip shell extension 'dsv' for command environment
[0.997s] INFO:colcon.colcon_core.task.python.build:Building Python package in '/home/yamashita/LegControll/src/test_controll'
[1.004s] INFO:colcon.colcon_core.shell:Skip shell extension 'powershell' for command environment: Not usable outside of PowerShell
[1.004s] DEBUG:colcon.colcon_core.shell:Skip shell extension 'dsv' for command environment
[1.034s] DEBUG:colcon.colcon_core.event_handler.log_command:Invoking command in '/home/yamashita/LegControll/build/urg_node2': CMAKE_PREFIX_PATH=${CMAKE_PREFIX_PATH}:/home/yamashita/LegControll/install/test_controll:/home/yamashita/auto_robot_2024/install/controll_robot:/opt/ros/humble /usr/bin/cmake /home/yamashita/LegControll/src/urg_node2 -DCMAKE_INSTALL_PREFIX=/home/yamashita/LegControll/install/urg_node2
[1.253s] DEBUG:colcon.colcon_core.event_handler.log_command:Invoking command in '/home/yamashita/LegControll/build/test_controll': PYTHONPATH=/home/yamashita/LegControll/build/test_controll/prefix_override:/home/yamashita/LegControll/install/test_controll/lib/python3.10/site-packages:${PYTHONPATH} /usr/bin/python3 setup.py develop --uninstall --editable --build-directory /home/yamashita/LegControll/build/test_controll/build
[1.508s] DEBUG:colcon.colcon_core.event_handler.log_command:Invoked command in '/home/yamashita/LegControll/build/test_controll' returned '0': PYTHONPATH=/home/yamashita/LegControll/build/test_controll/prefix_override:/home/yamashita/LegControll/install/test_controll/lib/python3.10/site-packages:${PYTHONPATH} /usr/bin/python3 setup.py develop --uninstall --editable --build-directory /home/yamashita/LegControll/build/test_controll/build
[1.510s] DEBUG:colcon.colcon_core.event_handler.log_command:Invoking command in '/home/yamashita/LegControll/src/test_controll': PYTHONPATH=/home/yamashita/LegControll/build/test_controll/prefix_override:/home/yamashita/LegControll/install/test_controll/lib/python3.10/site-packages:${PYTHONPATH} /usr/bin/python3 setup.py egg_info --egg-base ../../build/test_controll build --build-base /home/yamashita/LegControll/build/test_controll/build install --record /home/yamashita/LegControll/build/test_controll/install.log --single-version-externally-managed
[1.694s] DEBUG:colcon.colcon_core.event_handler.log_command:Invoked command in '/home/yamashita/LegControll/src/test_controll' returned '0': PYTHONPATH=/home/yamashita/LegControll/build/test_controll/prefix_override:/home/yamashita/LegControll/install/test_controll/lib/python3.10/site-packages:${PYTHONPATH} /usr/bin/python3 setup.py egg_info --egg-base ../../build/test_controll build --build-base /home/yamashita/LegControll/build/test_controll/build install --record /home/yamashita/LegControll/build/test_controll/install.log --single-version-externally-managed
[1.702s] Level 1:colcon.colcon_core.environment:checking '/home/yamashita/LegControll/install/test_controll' for CMake module files
[1.702s] Level 1:colcon.colcon_core.environment:checking '/home/yamashita/LegControll/install/test_controll' for CMake config files
[1.703s] Level 1:colcon.colcon_core.environment:checking '/home/yamashita/LegControll/install/test_controll/lib'
[1.703s] Level 1:colcon.colcon_core.environment:checking '/home/yamashita/LegControll/install/test_controll/bin'
[1.703s] Level 1:colcon.colcon_core.environment:checking '/home/yamashita/LegControll/install/test_controll/lib/pkgconfig/test_controll.pc'
[1.703s] Level 1:colcon.colcon_core.environment:checking '/home/yamashita/LegControll/install/test_controll/lib/python3.10/site-packages'
[1.703s] Level 1:colcon.colcon_core.shell:create_environment_hook('test_controll', 'pythonpath')
[1.710s] INFO:colcon.colcon_core.shell:Creating environment hook '/home/yamashita/LegControll/install/test_controll/share/test_controll/hook/pythonpath.ps1'
[1.710s] INFO:colcon.colcon_core.shell:Creating environment descriptor '/home/yamashita/LegControll/install/test_controll/share/test_controll/hook/pythonpath.dsv'
[1.710s] INFO:colcon.colcon_core.shell:Creating environment hook '/home/yamashita/LegControll/install/test_controll/share/test_controll/hook/pythonpath.sh'
[1.711s] Level 1:colcon.colcon_core.environment:checking '/home/yamashita/LegControll/install/test_controll/bin'
[1.711s] Level 1:colcon.colcon_core.environment:create_environment_scripts_only(test_controll)
[1.719s] INFO:colcon.colcon_core.shell:Creating package script '/home/yamashita/LegControll/install/test_controll/share/test_controll/package.ps1'
[1.719s] INFO:colcon.colcon_core.shell:Creating package descriptor '/home/yamashita/LegControll/install/test_controll/share/test_controll/package.dsv'
[1.720s] INFO:colcon.colcon_core.shell:Creating package script '/home/yamashita/LegControll/install/test_controll/share/test_controll/package.sh'
[1.720s] INFO:colcon.colcon_core.shell:Creating package script '/home/yamashita/LegControll/install/test_controll/share/test_controll/package.bash'
[1.721s] INFO:colcon.colcon_core.shell:Creating package script '/home/yamashita/LegControll/install/test_controll/share/test_controll/package.zsh'
[1.721s] Level 1:colcon.colcon_core.environment:create_file_with_runtime_dependencies(/home/yamashita/LegControll/install/test_controll/share/colcon-core/packages/test_controll)
[4.895s] DEBUG:colcon.colcon_core.event_handler.log_command:Invoked command in '/home/yamashita/LegControll/build/urg_node2' returned '0': CMAKE_PREFIX_PATH=${CMAKE_PREFIX_PATH}:/home/yamashita/LegControll/install/test_controll:/home/yamashita/auto_robot_2024/install/controll_robot:/opt/ros/humble /usr/bin/cmake /home/yamashita/LegControll/src/urg_node2 -DCMAKE_INSTALL_PREFIX=/home/yamashita/LegControll/install/urg_node2
[4.896s] DEBUG:colcon.colcon_core.event_handler.log_command:Invoking command in '/home/yamashita/LegControll/build/urg_node2': CMAKE_PREFIX_PATH=${CMAKE_PREFIX_PATH}:/home/yamashita/LegControll/install/test_controll:/home/yamashita/auto_robot_2024/install/controll_robot:/opt/ros/humble /usr/bin/cmake --build /home/yamashita/LegControll/build/urg_node2 -- -j12 -l12
[4.961s] DEBUG:colcon.colcon_core.event_handler.log_command:Invoked command in '/home/yamashita/LegControll/build/urg_node2' returned '0': CMAKE_PREFIX_PATH=${CMAKE_PREFIX_PATH}:/home/yamashita/LegControll/install/test_controll:/home/yamashita/auto_robot_2024/install/controll_robot:/opt/ros/humble /usr/bin/cmake --build /home/yamashita/LegControll/build/urg_node2 -- -j12 -l12
[5.000s] DEBUG:colcon.colcon_core.event_handler.log_command:Invoking command in '/home/yamashita/LegControll/build/urg_node2': CMAKE_PREFIX_PATH=${CMAKE_PREFIX_PATH}:/home/yamashita/LegControll/install/test_controll:/home/yamashita/auto_robot_2024/install/controll_robot:/opt/ros/humble /usr/bin/cmake --install /home/yamashita/LegControll/build/urg_node2
[5.013s] Level 1:colcon.colcon_core.environment:create_environment_scripts_only(urg_node2)
[5.015s] DEBUG:colcon.colcon_core.event_handler.log_command:Invoked command in '/home/yamashita/LegControll/build/urg_node2' returned '0': CMAKE_PREFIX_PATH=${CMAKE_PREFIX_PATH}:/home/yamashita/LegControll/install/test_controll:/home/yamashita/auto_robot_2024/install/controll_robot:/opt/ros/humble /usr/bin/cmake --install /home/yamashita/LegControll/build/urg_node2
[5.021s] Level 1:colcon.colcon_core.environment:checking '/home/yamashita/LegControll/install/urg_node2' for CMake module files
[5.021s] Level 1:colcon.colcon_core.environment:checking '/home/yamashita/LegControll/install/urg_node2' for CMake config files
[5.021s] Level 1:colcon.colcon_core.shell:create_environment_hook('urg_node2', 'cmake_prefix_path')
[5.028s] INFO:colcon.colcon_core.shell:Creating environment hook '/home/yamashita/LegControll/install/urg_node2/share/urg_node2/hook/cmake_prefix_path.ps1'
[5.028s] INFO:colcon.colcon_core.shell:Creating environment descriptor '/home/yamashita/LegControll/install/urg_node2/share/urg_node2/hook/cmake_prefix_path.dsv'
[5.029s] INFO:colcon.colcon_core.shell:Creating environment hook '/home/yamashita/LegControll/install/urg_node2/share/urg_node2/hook/cmake_prefix_path.sh'
[5.029s] Level 1:colcon.colcon_core.environment:checking '/home/yamashita/LegControll/install/urg_node2/lib'
[5.029s] Level 1:colcon.colcon_core.shell:create_environment_hook('urg_node2', 'ld_library_path_lib')
[5.036s] INFO:colcon.colcon_core.shell:Creating environment hook '/home/yamashita/LegControll/install/urg_node2/share/urg_node2/hook/ld_library_path_lib.ps1'
[5.036s] INFO:colcon.colcon_core.shell:Creating environment descriptor '/home/yamashita/LegControll/install/urg_node2/share/urg_node2/hook/ld_library_path_lib.dsv'
[5.036s] INFO:colcon.colcon_core.shell:Creating environment hook '/home/yamashita/LegControll/install/urg_node2/share/urg_node2/hook/ld_library_path_lib.sh'
[5.036s] Level 1:colcon.colcon_core.environment:checking '/home/yamashita/LegControll/install/urg_node2/bin'
[5.036s] Level 1:colcon.colcon_core.environment:checking '/home/yamashita/LegControll/install/urg_node2/lib/pkgconfig/urg_node2.pc'
[5.037s] Level 1:colcon.colcon_core.environment:checking '/home/yamashita/LegControll/install/urg_node2/lib/python3.10/site-packages'
[5.037s] Level 1:colcon.colcon_core.environment:checking '/home/yamashita/LegControll/install/urg_node2/bin'
[5.044s] INFO:colcon.colcon_core.shell:Creating package script '/home/yamashita/LegControll/install/urg_node2/share/urg_node2/package.ps1'
[5.045s] INFO:colcon.colcon_core.shell:Creating package descriptor '/home/yamashita/LegControll/install/urg_node2/share/urg_node2/package.dsv'
[5.045s] INFO:colcon.colcon_core.shell:Creating package script '/home/yamashita/LegControll/install/urg_node2/share/urg_node2/package.sh'
[5.045s] INFO:colcon.colcon_core.shell:Creating package script '/home/yamashita/LegControll/install/urg_node2/share/urg_node2/package.bash'
[5.046s] INFO:colcon.colcon_core.shell:Creating package script '/home/yamashita/LegControll/install/urg_node2/share/urg_node2/package.zsh'
[5.046s] Level 1:colcon.colcon_core.environment:create_file_with_runtime_dependencies(/home/yamashita/LegControll/install/urg_node2/share/colcon-core/packages/urg_node2)
[5.086s] Level 1:colcon.colcon_core.environment:create_environment_scripts_only(urg_node2)
[5.093s] Level 1:colcon.colcon_core.environment:checking '/home/yamashita/LegControll/install/urg_node2' for CMake module files
[5.094s] Level 1:colcon.colcon_core.environment:checking '/home/yamashita/LegControll/install/urg_node2' for CMake config files
[5.094s] Level 1:colcon.colcon_core.shell:create_environment_hook('urg_node2', 'cmake_prefix_path')
[5.100s] INFO:colcon.colcon_core.shell:Creating environment hook '/home/yamashita/LegControll/install/urg_node2/share/urg_node2/hook/cmake_prefix_path.ps1'
[5.100s] INFO:colcon.colcon_core.shell:Creating environment descriptor '/home/yamashita/LegControll/install/urg_node2/share/urg_node2/hook/cmake_prefix_path.dsv'
[5.101s] INFO:colcon.colcon_core.shell:Creating environment hook '/home/yamashita/LegControll/install/urg_node2/share/urg_node2/hook/cmake_prefix_path.sh'
[5.101s] Level 1:colcon.colcon_core.environment:checking '/home/yamashita/LegControll/install/urg_node2/lib'
[5.101s] Level 1:colcon.colcon_core.shell:create_environment_hook('urg_node2', 'ld_library_path_lib')
[5.107s] INFO:colcon.colcon_core.shell:Creating environment hook '/home/yamashita/LegControll/install/urg_node2/share/urg_node2/hook/ld_library_path_lib.ps1'
[5.107s] INFO:colcon.colcon_core.shell:Creating environment descriptor '/home/yamashita/LegControll/install/urg_node2/share/urg_node2/hook/ld_library_path_lib.dsv'
[5.107s] INFO:colcon.colcon_core.shell:Creating environment hook '/home/yamashita/LegControll/install/urg_node2/share/urg_node2/hook/ld_library_path_lib.sh'
[5.108s] Level 1:colcon.colcon_core.environment:checking '/home/yamashita/LegControll/install/urg_node2/bin'
[5.108s] Level 1:colcon.colcon_core.environment:checking '/home/yamashita/LegControll/install/urg_node2/lib/pkgconfig/urg_node2.pc'
[5.108s] Level 1:colcon.colcon_core.environment:checking '/home/yamashita/LegControll/install/urg_node2/lib/python3.10/site-packages'
[5.108s] Level 1:colcon.colcon_core.environment:checking '/home/yamashita/LegControll/install/urg_node2/bin'
[5.114s] INFO:colcon.colcon_core.shell:Creating package script '/home/yamashita/LegControll/install/urg_node2/share/urg_node2/package.ps1'
[5.114s] INFO:colcon.colcon_core.shell:Creating package descriptor '/home/yamashita/LegControll/install/urg_node2/share/urg_node2/package.dsv'
[5.115s] INFO:colcon.colcon_core.shell:Creating package script '/home/yamashita/LegControll/install/urg_node2/share/urg_node2/package.sh'
[5.115s] INFO:colcon.colcon_core.shell:Creating package script '/home/yamashita/LegControll/install/urg_node2/share/urg_node2/package.bash'
[5.115s] INFO:colcon.colcon_core.shell:Creating package script '/home/yamashita/LegControll/install/urg_node2/share/urg_node2/package.zsh'
[5.115s] Level 1:colcon.colcon_core.environment:create_file_with_runtime_dependencies(/home/yamashita/LegControll/install/urg_node2/share/colcon-core/packages/urg_node2)
[5.115s] DEBUG:colcon.colcon_parallel_executor.executor.parallel:closing loop
[5.116s] DEBUG:colcon.colcon_parallel_executor.executor.parallel:loop closed
[5.116s] DEBUG:colcon.colcon_parallel_executor.executor.parallel:run_until_complete finished with '0'
[5.116s] DEBUG:colcon.colcon_core.event_reactor:joining thread
[5.199s] INFO:colcon.colcon_core.plugin_system:Skipping extension 'colcon_notification.desktop_notification.notify_send': Could not find 'notify-send'
[5.200s] INFO:colcon.colcon_core.plugin_system:Skipping extension 'colcon_notification.desktop_notification.terminal_notifier': Not used on non-Darwin systems
[5.200s] INFO:colcon.colcon_core.plugin_system:Skipping extension 'colcon_notification.desktop_notification.win32': Not used on non-Windows systems
[5.200s] INFO:colcon.colcon_notification.desktop_notification:Sending desktop notification using 'notify2'
[5.200s] DEBUG:colcon.colcon_notification.desktop_notification.notify2:Failed to initialize notify2: org.freedesktop.DBus.Error.FileNotFound: Failed to connect to socket /run/user/1000/bus: No such file or directory
[5.200s] DEBUG:colcon.colcon_core.event_reactor:joined thread
[5.213s] INFO:colcon.colcon_core.shell:Creating prefix script '/home/yamashita/LegControll/install/local_setup.ps1'
[5.214s] INFO:colcon.colcon_core.shell:Creating prefix util module '/home/yamashita/LegControll/install/_local_setup_util_ps1.py'
[5.216s] INFO:colcon.colcon_core.shell:Creating prefix chain script '/home/yamashita/LegControll/install/setup.ps1'
[5.225s] INFO:colcon.colcon_core.shell:Creating prefix script '/home/yamashita/LegControll/install/local_setup.sh'
[5.225s] INFO:colcon.colcon_core.shell:Creating prefix util module '/home/yamashita/LegControll/install/_local_setup_util_sh.py'
[5.225s] INFO:colcon.colcon_core.shell:Creating prefix chain script '/home/yamashita/LegControll/install/setup.sh'
[5.233s] INFO:colcon.colcon_core.shell:Creating prefix script '/home/yamashita/LegControll/install/local_setup.bash'
[5.234s] INFO:colcon.colcon_core.shell:Creating prefix chain script '/home/yamashita/LegControll/install/setup.bash'
[5.245s] INFO:colcon.colcon_core.shell:Creating prefix script '/home/yamashita/LegControll/install/local_setup.zsh'
[5.246s] INFO:colcon.colcon_core.shell:Creating prefix chain script '/home/yamashita/LegControll/install/setup.zsh'
