[0.684s] DEBUG:colcon:Command line arguments: ['/usr/bin/colcon', 'build']
[0.684s] DEBUG:colcon:Parsed command line arguments: Namespace(log_base=None, log_level=None, verb_name='build', build_base='build', install_base='install', merge_install=False, symlink_install=False, test_result_base=None, continue_on_error=False, executor='parallel', parallel_workers=12, event_handlers=None, ignore_user_meta=False, metas=['./colcon.meta'], base_paths=['.'], packages_ignore=None, packages_ignore_regex=None, paths=None, packages_up_to=None, packages_up_to_regex=None, packages_above=None, packages_above_and_dependencies=None, packages_above_depth=None, packages_select_by_dep=None, packages_skip_by_dep=None, packages_skip_up_to=None, packages_select_build_failed=False, packages_skip_build_finished=False, packages_select_test_failures=False, packages_skip_test_passed=False, packages_select=None, packages_skip=None, packages_select_regex=None, packages_skip_regex=None, packages_start=None, packages_end=None, allow_overriding=[], cmake_args=None, cmake_target=None, cmake_target_skip_unavailable=False, cmake_clean_cache=False, cmake_clean_first=False, cmake_force_configure=False, ament_cmake_args=None, catkin_cmake_args=None, catkin_skip_building_tests=False, verb_parser=<colcon_defaults.argument_parser.defaults.DefaultArgumentsDecorator object at 0x7f7f16e22470>, verb_extension=<colcon_core.verb.build.BuildVerb object at 0x7f7f16e23e50>, main=<bound method BuildVerb.main of <colcon_core.verb.build.BuildVerb object at 0x7f7f16e23e50>>)
[0.706s] Level 1:colcon.colcon_core.package_discovery:discover_packages(colcon_meta) check parameters
[0.706s] Level 1:colcon.colcon_core.package_discovery:discover_packages(recursive) check parameters
[0.706s] Level 1:colcon.colcon_core.package_discovery:discover_packages(ignore) check parameters
[0.706s] Level 1:colcon.colcon_core.package_discovery:discover_packages(path) check parameters
[0.706s] Level 1:colcon.colcon_core.package_discovery:discover_packages(colcon_meta) discover
[0.706s] Level 1:colcon.colcon_core.package_discovery:discover_packages(recursive) discover
[0.706s] INFO:colcon.colcon_core.package_discovery:Crawling recursively for packages in '/home/yamashita/LegControll'
[0.707s] Level 1:colcon.colcon_core.package_identification:_identify(.) by extensions ['ignore', 'ignore_ament_install']
[0.707s] Level 1:colcon.colcon_core.package_identification:_identify(.) by extension 'ignore'
[0.707s] Level 1:colcon.colcon_core.package_identification:_identify(.) by extension 'ignore_ament_install'
[0.707s] Level 1:colcon.colcon_core.package_identification:_identify(.) by extensions ['colcon_pkg']
[0.707s] Level 1:colcon.colcon_core.package_identification:_identify(.) by extension 'colcon_pkg'
[0.707s] Level 1:colcon.colcon_core.package_identification:_identify(.) by extensions ['colcon_meta']
[0.707s] Level 1:colcon.colcon_core.package_identification:_identify(.) by extension 'colcon_meta'
[0.707s] Level 1:colcon.colcon_core.package_identification:_identify(.) by extensions ['ros']
[0.707s] Level 1:colcon.colcon_core.package_identification:_identify(.) by extension 'ros'
[0.714s] Level 1:colcon.colcon_core.package_identification:_identify(.) by extensions ['cmake', 'python']
[0.714s] Level 1:colcon.colcon_core.package_identification:_identify(.) by extension 'cmake'
[0.714s] Level 1:colcon.colcon_core.package_identification:_identify(.) by extension 'python'
[0.714s] Level 1:colcon.colcon_core.package_identification:_identify(.) by extensions ['python_setup_py']
[0.714s] Level 1:colcon.colcon_core.package_identification:_identify(.) by extension 'python_setup_py'
[0.714s] Level 1:colcon.colcon_core.package_identification:_identify(build) by extensions ['ignore', 'ignore_ament_install']
[0.714s] Level 1:colcon.colcon_core.package_identification:_identify(build) by extension 'ignore'
[0.714s] Level 1:colcon.colcon_core.package_identification:_identify(build) ignored
[0.714s] Level 1:colcon.colcon_core.package_identification:_identify(install) by extensions ['ignore', 'ignore_ament_install']
[0.714s] Level 1:colcon.colcon_core.package_identification:_identify(install) by extension 'ignore'
[0.714s] Level 1:colcon.colcon_core.package_identification:_identify(install) ignored
[0.714s] Level 1:colcon.colcon_core.package_identification:_identify(log) by extensions ['ignore', 'ignore_ament_install']
[0.714s] Level 1:colcon.colcon_core.package_identification:_identify(log) by extension 'ignore'
[0.714s] Level 1:colcon.colcon_core.package_identification:_identify(log) ignored
[0.714s] Level 1:colcon.colcon_core.package_identification:_identify(src) by extensions ['ignore', 'ignore_ament_install']
[0.714s] Level 1:colcon.colcon_core.package_identification:_identify(src) by extension 'ignore'
[0.714s] Level 1:colcon.colcon_core.package_identification:_identify(src) by extension 'ignore_ament_install'
[0.714s] Level 1:colcon.colcon_core.package_identification:_identify(src) by extensions ['colcon_pkg']
[0.714s] Level 1:colcon.colcon_core.package_identification:_identify(src) by extension 'colcon_pkg'
[0.714s] Level 1:colcon.colcon_core.package_identification:_identify(src) by extensions ['colcon_meta']
[0.714s] Level 1:colcon.colcon_core.package_identification:_identify(src) by extension 'colcon_meta'
[0.714s] Level 1:colcon.colcon_core.package_identification:_identify(src) by extensions ['ros']
[0.714s] Level 1:colcon.colcon_core.package_identification:_identify(src) by extension 'ros'
[0.714s] Level 1:colcon.colcon_core.package_identification:_identify(src) by extensions ['cmake', 'python']
[0.714s] Level 1:colcon.colcon_core.package_identification:_identify(src) by extension 'cmake'
[0.714s] Level 1:colcon.colcon_core.package_identification:_identify(src) by extension 'python'
[0.714s] Level 1:colcon.colcon_core.package_identification:_identify(src) by extensions ['python_setup_py']
[0.714s] Level 1:colcon.colcon_core.package_identification:_identify(src) by extension 'python_setup_py'
[0.714s] Level 1:colcon.colcon_core.package_identification:_identify(src/monitor_node) by extensions ['ignore', 'ignore_ament_install']
[0.714s] Level 1:colcon.colcon_core.package_identification:_identify(src/monitor_node) by extension 'ignore'
[0.714s] Level 1:colcon.colcon_core.package_identification:_identify(src/monitor_node) by extension 'ignore_ament_install'
[0.715s] Level 1:colcon.colcon_core.package_identification:_identify(src/monitor_node) by extensions ['colcon_pkg']
[0.715s] Level 1:colcon.colcon_core.package_identification:_identify(src/monitor_node) by extension 'colcon_pkg'
[0.715s] Level 1:colcon.colcon_core.package_identification:_identify(src/monitor_node) by extensions ['colcon_meta']
[0.715s] Level 1:colcon.colcon_core.package_identification:_identify(src/monitor_node) by extension 'colcon_meta'
[0.715s] Level 1:colcon.colcon_core.package_identification:_identify(src/monitor_node) by extensions ['ros']
[0.715s] Level 1:colcon.colcon_core.package_identification:_identify(src/monitor_node) by extension 'ros'
[0.716s] DEBUG:colcon.colcon_core.package_identification:Package 'src/monitor_node' with type 'ros.ament_python' and name 'monitor_node'
[0.716s] Level 1:colcon.colcon_core.package_identification:_identify(src/test_controll) by extensions ['ignore', 'ignore_ament_install']
[0.716s] Level 1:colcon.colcon_core.package_identification:_identify(src/test_controll) by extension 'ignore'
[0.716s] Level 1:colcon.colcon_core.package_identification:_identify(src/test_controll) by extension 'ignore_ament_install'
[0.716s] Level 1:colcon.colcon_core.package_identification:_identify(src/test_controll) by extensions ['colcon_pkg']
[0.716s] Level 1:colcon.colcon_core.package_identification:_identify(src/test_controll) by extension 'colcon_pkg'
[0.716s] Level 1:colcon.colcon_core.package_identification:_identify(src/test_controll) by extensions ['colcon_meta']
[0.716s] Level 1:colcon.colcon_core.package_identification:_identify(src/test_controll) by extension 'colcon_meta'
[0.716s] Level 1:colcon.colcon_core.package_identification:_identify(src/test_controll) by extensions ['ros']
[0.716s] Level 1:colcon.colcon_core.package_identification:_identify(src/test_controll) by extension 'ros'
[0.717s] DEBUG:colcon.colcon_core.package_identification:Package 'src/test_controll' with type 'ros.ament_python' and name 'test_controll'
[0.717s] Level 1:colcon.colcon_core.package_identification:_identify(src/urg_node2) by extensions ['ignore', 'ignore_ament_install']
[0.717s] Level 1:colcon.colcon_core.package_identification:_identify(src/urg_node2) by extension 'ignore'
[0.717s] Level 1:colcon.colcon_core.package_identification:_identify(src/urg_node2) by extension 'ignore_ament_install'
[0.717s] Level 1:colcon.colcon_core.package_identification:_identify(src/urg_node2) by extensions ['colcon_pkg']
[0.717s] Level 1:colcon.colcon_core.package_identification:_identify(src/urg_node2) by extension 'colcon_pkg'
[0.717s] Level 1:colcon.colcon_core.package_identification:_identify(src/urg_node2) by extensions ['colcon_meta']
[0.717s] Level 1:colcon.colcon_core.package_identification:_identify(src/urg_node2) by extension 'colcon_meta'
[0.717s] Level 1:colcon.colcon_core.package_identification:_identify(src/urg_node2) by extensions ['ros']
[0.717s] Level 1:colcon.colcon_core.package_identification:_identify(src/urg_node2) by extension 'ros'
[0.717s] DEBUG:colcon.colcon_core.package_identification:Package 'src/urg_node2' with type 'ros.ament_cmake' and name 'urg_node2'
[0.717s] Level 1:colcon.colcon_core.package_discovery:discover_packages(recursive) using defaults
[0.717s] Level 1:colcon.colcon_core.package_discovery:discover_packages(ignore) discover
[0.717s] Level 1:colcon.colcon_core.package_discovery:discover_packages(ignore) using defaults
[0.717s] Level 1:colcon.colcon_core.package_discovery:discover_packages(path) discover
[0.717s] Level 1:colcon.colcon_core.package_discovery:discover_packages(path) using defaults
[0.765s] Level 1:colcon.colcon_core.package_discovery:discover_packages(prefix_path) check parameters
[0.765s] Level 1:colcon.colcon_core.package_discovery:discover_packages(prefix_path) discover
[0.780s] DEBUG:colcon.colcon_installed_package_information.package_discovery:Found 2 installed packages in /home/yamashita/LegControll/install
[0.788s] DEBUG:colcon.colcon_installed_package_information.package_discovery:Found 3 installed packages in /home/yamashita/auto_robot_2024/install
[0.795s] DEBUG:colcon.colcon_installed_package_information.package_discovery:Found 341 installed packages in /opt/ros/humble
[0.796s] Level 1:colcon.colcon_core.package_discovery:discover_packages(prefix_path) using defaults
[0.853s] Level 5:colcon.colcon_core.verb:set package 'monitor_node' build argument 'cmake_args' from command line to 'None'
[0.853s] Level 5:colcon.colcon_core.verb:set package 'monitor_node' build argument 'cmake_target' from command line to 'None'
[0.853s] Level 5:colcon.colcon_core.verb:set package 'monitor_node' build argument 'cmake_target_skip_unavailable' from command line to 'False'
[0.853s] Level 5:colcon.colcon_core.verb:set package 'monitor_node' build argument 'cmake_clean_cache' from command line to 'False'
[0.853s] Level 5:colcon.colcon_core.verb:set package 'monitor_node' build argument 'cmake_clean_first' from command line to 'False'
[0.853s] Level 5:colcon.colcon_core.verb:set package 'monitor_node' build argument 'cmake_force_configure' from command line to 'False'
[0.853s] Level 5:colcon.colcon_core.verb:set package 'monitor_node' build argument 'ament_cmake_args' from command line to 'None'
[0.853s] Level 5:colcon.colcon_core.verb:set package 'monitor_node' build argument 'catkin_cmake_args' from command line to 'None'
[0.853s] Level 5:colcon.colcon_core.verb:set package 'monitor_node' build argument 'catkin_skip_building_tests' from command line to 'False'
[0.853s] DEBUG:colcon.colcon_core.verb:Building package 'monitor_node' with the following arguments: {'ament_cmake_args': None, 'build_base': '/home/yamashita/LegControll/build/monitor_node', 'catkin_cmake_args': None, 'catkin_skip_building_tests': False, 'cmake_args': None, 'cmake_clean_cache': False, 'cmake_clean_first': False, 'cmake_force_configure': False, 'cmake_target': None, 'cmake_target_skip_unavailable': False, 'install_base': '/home/yamashita/LegControll/install/monitor_node', 'merge_install': False, 'path': '/home/yamashita/LegControll/src/monitor_node', 'symlink_install': False, 'test_result_base': None}
[0.859s] Level 5:colcon.colcon_core.verb:set package 'test_controll' build argument 'cmake_args' from command line to 'None'
[0.859s] Level 5:colcon.colcon_core.verb:set package 'test_controll' build argument 'cmake_target' from command line to 'None'
[0.859s] Level 5:colcon.colcon_core.verb:set package 'test_controll' build argument 'cmake_target_skip_unavailable' from command line to 'False'
[0.859s] Level 5:colcon.colcon_core.verb:set package 'test_controll' build argument 'cmake_clean_cache' from command line to 'False'
[0.859s] Level 5:colcon.colcon_core.verb:set package 'test_controll' build argument 'cmake_clean_first' from command line to 'False'
[0.859s] Level 5:colcon.colcon_core.verb:set package 'test_controll' build argument 'cmake_force_configure' from command line to 'False'
[0.859s] Level 5:colcon.colcon_core.verb:set package 'test_controll' build argument 'ament_cmake_args' from command line to 'None'
[0.859s] Level 5:colcon.colcon_core.verb:set package 'test_controll' build argument 'catkin_cmake_args' from command line to 'None'
[0.859s] Level 5:colcon.colcon_core.verb:set package 'test_controll' build argument 'catkin_skip_building_tests' from command line to 'False'
[0.859s] DEBUG:colcon.colcon_core.verb:Building package 'test_controll' with the following arguments: {'ament_cmake_args': None, 'build_base': '/home/yamashita/LegControll/build/test_controll', 'catkin_cmake_args': None, 'catkin_skip_building_tests': False, 'cmake_args': None, 'cmake_clean_cache': False, 'cmake_clean_first': False, 'cmake_force_configure': False, 'cmake_target': None, 'cmake_target_skip_unavailable': False, 'install_base': '/home/yamashita/LegControll/install/test_controll', 'merge_install': False, 'path': '/home/yamashita/LegControll/src/test_controll', 'symlink_install': False, 'test_result_base': None}
[0.865s] Level 5:colcon.colcon_core.verb:set package 'urg_node2' build argument 'cmake_args' from command line to 'None'
[0.865s] Level 5:colcon.colcon_core.verb:set package 'urg_node2' build argument 'cmake_target' from command line to 'None'
[0.865s] Level 5:colcon.colcon_core.verb:set package 'urg_node2' build argument 'cmake_target_skip_unavailable' from command line to 'False'
[0.865s] Level 5:colcon.colcon_core.verb:set package 'urg_node2' build argument 'cmake_clean_cache' from command line to 'False'
[0.865s] Level 5:colcon.colcon_core.verb:set package 'urg_node2' build argument 'cmake_clean_first' from command line to 'False'
[0.865s] Level 5:colcon.colcon_core.verb:set package 'urg_node2' build argument 'cmake_force_configure' from command line to 'False'
[0.865s] Level 5:colcon.colcon_core.verb:set package 'urg_node2' build argument 'ament_cmake_args' from command line to 'None'
[0.865s] Level 5:colcon.colcon_core.verb:set package 'urg_node2' build argument 'catkin_cmake_args' from command line to 'None'
[0.865s] Level 5:colcon.colcon_core.verb:set package 'urg_node2' build argument 'catkin_skip_building_tests' from command line to 'False'
[0.865s] DEBUG:colcon.colcon_core.verb:Building package 'urg_node2' with the following arguments: {'ament_cmake_args': None, 'build_base': '/home/yamashita/LegControll/build/urg_node2', 'catkin_cmake_args': None, 'catkin_skip_building_tests': False, 'cmake_args': None, 'cmake_clean_cache': False, 'cmake_clean_first': False, 'cmake_force_configure': False, 'cmake_target': None, 'cmake_target_skip_unavailable': False, 'install_base': '/home/yamashita/LegControll/install/urg_node2', 'merge_install': False, 'path': '/home/yamashita/LegControll/src/urg_node2', 'symlink_install': False, 'test_result_base': None}
[0.872s] INFO:colcon.colcon_core.executor:Executing jobs using 'parallel' executor
[0.879s] DEBUG:colcon.colcon_parallel_executor.executor.parallel:run_until_complete
[0.879s] INFO:colcon.colcon_ros.task.ament_python.build:Building ROS package in '/home/yamashita/LegControll/src/monitor_node' with build type 'ament_python'
[0.879s] Level 1:colcon.colcon_core.shell:create_environment_hook('monitor_node', 'ament_prefix_path')
[0.889s] INFO:colcon.colcon_core.plugin_system:Skipping extension 'colcon_core.shell.bat': Not used on non-Windows systems
[0.889s] INFO:colcon.colcon_core.shell:Creating environment hook '/home/yamashita/LegControll/install/monitor_node/share/monitor_node/hook/ament_prefix_path.ps1'
[0.890s] INFO:colcon.colcon_core.shell:Creating environment descriptor '/home/yamashita/LegControll/install/monitor_node/share/monitor_node/hook/ament_prefix_path.dsv'
[0.890s] INFO:colcon.colcon_core.shell:Creating environment hook '/home/yamashita/LegControll/install/monitor_node/share/monitor_node/hook/ament_prefix_path.sh'
[0.897s] INFO:colcon.colcon_core.shell:Skip shell extension 'powershell' for command environment: Not usable outside of PowerShell
[0.897s] DEBUG:colcon.colcon_core.shell:Skip shell extension 'dsv' for command environment
[0.926s] INFO:colcon.colcon_ros.task.ament_python.build:Building ROS package in '/home/yamashita/LegControll/src/test_controll' with build type 'ament_python'
[0.926s] Level 1:colcon.colcon_core.shell:create_environment_hook('test_controll', 'ament_prefix_path')
[0.934s] INFO:colcon.colcon_core.shell:Creating environment hook '/home/yamashita/LegControll/install/test_controll/share/test_controll/hook/ament_prefix_path.ps1'
[0.934s] INFO:colcon.colcon_core.shell:Creating environment descriptor '/home/yamashita/LegControll/install/test_controll/share/test_controll/hook/ament_prefix_path.dsv'
[0.935s] INFO:colcon.colcon_core.shell:Creating environment hook '/home/yamashita/LegControll/install/test_controll/share/test_controll/hook/ament_prefix_path.sh'
[0.943s] INFO:colcon.colcon_core.shell:Skip shell extension 'powershell' for command environment: Not usable outside of PowerShell
[0.943s] DEBUG:colcon.colcon_core.shell:Skip shell extension 'dsv' for command environment
[0.981s] INFO:colcon.colcon_ros.task.ament_cmake.build:Building ROS package in '/home/yamashita/LegControll/src/urg_node2' with build type 'ament_cmake'
[0.982s] INFO:colcon.colcon_cmake.task.cmake.build:Building CMake package in '/home/yamashita/LegControll/src/urg_node2'
[0.991s] INFO:colcon.colcon_core.shell:Skip shell extension 'powershell' for command environment: Not usable outside of PowerShell
[0.991s] DEBUG:colcon.colcon_core.shell:Skip shell extension 'dsv' for command environment
[1.169s] INFO:colcon.colcon_core.task.python.build:Building Python package in '/home/yamashita/LegControll/src/monitor_node'
[1.176s] INFO:colcon.colcon_core.shell:Skip shell extension 'powershell' for command environment: Not usable outside of PowerShell
[1.176s] DEBUG:colcon.colcon_core.shell:Skip shell extension 'dsv' for command environment
[1.356s] INFO:colcon.colcon_core.task.python.build:Building Python package in '/home/yamashita/LegControll/src/test_controll'
[1.363s] INFO:colcon.colcon_core.shell:Skip shell extension 'powershell' for command environment: Not usable outside of PowerShell
[1.363s] DEBUG:colcon.colcon_core.shell:Skip shell extension 'dsv' for command environment
[1.400s] DEBUG:colcon.colcon_core.event_handler.log_command:Invoking command in '/home/yamashita/LegControll/build/urg_node2': CMAKE_PREFIX_PATH=${CMAKE_PREFIX_PATH}:/home/yamashita/LegControll/install/test_controll:/home/yamashita/auto_robot_2024/install/controll_robot:/opt/ros/humble /usr/bin/cmake --build /home/yamashita/LegControll/build/urg_node2 -- -j12 -l12
[1.476s] DEBUG:colcon.colcon_core.event_handler.log_command:Invoked command in '/home/yamashita/LegControll/build/urg_node2' returned '0': CMAKE_PREFIX_PATH=${CMAKE_PREFIX_PATH}:/home/yamashita/LegControll/install/test_controll:/home/yamashita/auto_robot_2024/install/controll_robot:/opt/ros/humble /usr/bin/cmake --build /home/yamashita/LegControll/build/urg_node2 -- -j12 -l12
[1.543s] DEBUG:colcon.colcon_core.event_handler.log_command:Invoking command in '/home/yamashita/LegControll/build/urg_node2': CMAKE_PREFIX_PATH=${CMAKE_PREFIX_PATH}:/home/yamashita/LegControll/install/test_controll:/home/yamashita/auto_robot_2024/install/controll_robot:/opt/ros/humble /usr/bin/cmake --install /home/yamashita/LegControll/build/urg_node2
[1.560s] Level 1:colcon.colcon_core.environment:create_environment_scripts_only(urg_node2)
[1.560s] DEBUG:colcon.colcon_core.event_handler.log_command:Invoked command in '/home/yamashita/LegControll/build/urg_node2' returned '0': CMAKE_PREFIX_PATH=${CMAKE_PREFIX_PATH}:/home/yamashita/LegControll/install/test_controll:/home/yamashita/auto_robot_2024/install/controll_robot:/opt/ros/humble /usr/bin/cmake --install /home/yamashita/LegControll/build/urg_node2
[1.577s] Level 1:colcon.colcon_core.environment:checking '/home/yamashita/LegControll/install/urg_node2' for CMake module files
[1.578s] Level 1:colcon.colcon_core.environment:checking '/home/yamashita/LegControll/install/urg_node2' for CMake config files
[1.578s] Level 1:colcon.colcon_core.shell:create_environment_hook('urg_node2', 'cmake_prefix_path')
[1.587s] INFO:colcon.colcon_core.shell:Creating environment hook '/home/yamashita/LegControll/install/urg_node2/share/urg_node2/hook/cmake_prefix_path.ps1'
[1.588s] INFO:colcon.colcon_core.shell:Creating environment descriptor '/home/yamashita/LegControll/install/urg_node2/share/urg_node2/hook/cmake_prefix_path.dsv'
[1.588s] INFO:colcon.colcon_core.shell:Creating environment hook '/home/yamashita/LegControll/install/urg_node2/share/urg_node2/hook/cmake_prefix_path.sh'
[1.589s] Level 1:colcon.colcon_core.environment:checking '/home/yamashita/LegControll/install/urg_node2/lib'
[1.589s] Level 1:colcon.colcon_core.shell:create_environment_hook('urg_node2', 'ld_library_path_lib')
[1.602s] INFO:colcon.colcon_core.shell:Creating environment hook '/home/yamashita/LegControll/install/urg_node2/share/urg_node2/hook/ld_library_path_lib.ps1'
[1.602s] INFO:colcon.colcon_core.shell:Creating environment descriptor '/home/yamashita/LegControll/install/urg_node2/share/urg_node2/hook/ld_library_path_lib.dsv'
[1.602s] INFO:colcon.colcon_core.shell:Creating environment hook '/home/yamashita/LegControll/install/urg_node2/share/urg_node2/hook/ld_library_path_lib.sh'
[1.603s] Level 1:colcon.colcon_core.environment:checking '/home/yamashita/LegControll/install/urg_node2/bin'
[1.603s] Level 1:colcon.colcon_core.environment:checking '/home/yamashita/LegControll/install/urg_node2/lib/pkgconfig/urg_node2.pc'
[1.603s] Level 1:colcon.colcon_core.environment:checking '/home/yamashita/LegControll/install/urg_node2/lib/python3.10/site-packages'
[1.603s] Level 1:colcon.colcon_core.environment:checking '/home/yamashita/LegControll/install/urg_node2/bin'
[1.618s] INFO:colcon.colcon_core.shell:Creating package script '/home/yamashita/LegControll/install/urg_node2/share/urg_node2/package.ps1'
[1.620s] INFO:colcon.colcon_core.shell:Creating package descriptor '/home/yamashita/LegControll/install/urg_node2/share/urg_node2/package.dsv'
[1.620s] INFO:colcon.colcon_core.shell:Creating package script '/home/yamashita/LegControll/install/urg_node2/share/urg_node2/package.sh'
[1.620s] INFO:colcon.colcon_core.shell:Creating package script '/home/yamashita/LegControll/install/urg_node2/share/urg_node2/package.bash'
[1.621s] INFO:colcon.colcon_core.shell:Creating package script '/home/yamashita/LegControll/install/urg_node2/share/urg_node2/package.zsh'
[1.621s] Level 1:colcon.colcon_core.environment:create_file_with_runtime_dependencies(/home/yamashita/LegControll/install/urg_node2/share/colcon-core/packages/urg_node2)
[1.669s] DEBUG:colcon.colcon_core.event_handler.log_command:Invoking command in '/home/yamashita/LegControll/src/test_controll': PYTHONPATH=/home/yamashita/LegControll/build/test_controll/prefix_override:/home/yamashita/LegControll/install/test_controll/lib/python3.10/site-packages:${PYTHONPATH} /usr/bin/python3 setup.py egg_info --egg-base ../../build/test_controll build --build-base /home/yamashita/LegControll/build/test_controll/build install --record /home/yamashita/LegControll/build/test_controll/install.log --single-version-externally-managed
[1.679s] DEBUG:colcon.colcon_core.event_handler.log_command:Invoking command in '/home/yamashita/LegControll/src/monitor_node': PYTHONPATH=/home/yamashita/LegControll/build/monitor_node/prefix_override:/home/yamashita/LegControll/install/monitor_node/lib/python3.10/site-packages:${PYTHONPATH} /usr/bin/python3 setup.py egg_info --egg-base ../../build/monitor_node build --build-base /home/yamashita/LegControll/build/monitor_node/build install --record /home/yamashita/LegControll/build/monitor_node/install.log --single-version-externally-managed
[1.695s] Level 1:colcon.colcon_core.environment:create_environment_scripts_only(urg_node2)
[1.705s] Level 1:colcon.colcon_core.environment:checking '/home/yamashita/LegControll/install/urg_node2' for CMake module files
[1.705s] Level 1:colcon.colcon_core.environment:checking '/home/yamashita/LegControll/install/urg_node2' for CMake config files
[1.705s] Level 1:colcon.colcon_core.shell:create_environment_hook('urg_node2', 'cmake_prefix_path')
[1.713s] INFO:colcon.colcon_core.shell:Creating environment hook '/home/yamashita/LegControll/install/urg_node2/share/urg_node2/hook/cmake_prefix_path.ps1'
[1.713s] INFO:colcon.colcon_core.shell:Creating environment descriptor '/home/yamashita/LegControll/install/urg_node2/share/urg_node2/hook/cmake_prefix_path.dsv'
[1.713s] INFO:colcon.colcon_core.shell:Creating environment hook '/home/yamashita/LegControll/install/urg_node2/share/urg_node2/hook/cmake_prefix_path.sh'
[1.714s] Level 1:colcon.colcon_core.environment:checking '/home/yamashita/LegControll/install/urg_node2/lib'
[1.714s] Level 1:colcon.colcon_core.shell:create_environment_hook('urg_node2', 'ld_library_path_lib')
[1.721s] INFO:colcon.colcon_core.shell:Creating environment hook '/home/yamashita/LegControll/install/urg_node2/share/urg_node2/hook/ld_library_path_lib.ps1'
[1.721s] INFO:colcon.colcon_core.shell:Creating environment descriptor '/home/yamashita/LegControll/install/urg_node2/share/urg_node2/hook/ld_library_path_lib.dsv'
[1.722s] INFO:colcon.colcon_core.shell:Creating environment hook '/home/yamashita/LegControll/install/urg_node2/share/urg_node2/hook/ld_library_path_lib.sh'
[1.722s] Level 1:colcon.colcon_core.environment:checking '/home/yamashita/LegControll/install/urg_node2/bin'
[1.722s] Level 1:colcon.colcon_core.environment:checking '/home/yamashita/LegControll/install/urg_node2/lib/pkgconfig/urg_node2.pc'
[1.722s] Level 1:colcon.colcon_core.environment:checking '/home/yamashita/LegControll/install/urg_node2/lib/python3.10/site-packages'
[1.722s] Level 1:colcon.colcon_core.environment:checking '/home/yamashita/LegControll/install/urg_node2/bin'
[1.730s] INFO:colcon.colcon_core.shell:Creating package script '/home/yamashita/LegControll/install/urg_node2/share/urg_node2/package.ps1'
[1.730s] INFO:colcon.colcon_core.shell:Creating package descriptor '/home/yamashita/LegControll/install/urg_node2/share/urg_node2/package.dsv'
[1.731s] INFO:colcon.colcon_core.shell:Creating package script '/home/yamashita/LegControll/install/urg_node2/share/urg_node2/package.sh'
[1.731s] INFO:colcon.colcon_core.shell:Creating package script '/home/yamashita/LegControll/install/urg_node2/share/urg_node2/package.bash'
[1.732s] INFO:colcon.colcon_core.shell:Creating package script '/home/yamashita/LegControll/install/urg_node2/share/urg_node2/package.zsh'
[1.732s] Level 1:colcon.colcon_core.environment:create_file_with_runtime_dependencies(/home/yamashita/LegControll/install/urg_node2/share/colcon-core/packages/urg_node2)
[1.865s] DEBUG:colcon.colcon_core.event_handler.log_command:Invoked command in '/home/yamashita/LegControll/src/monitor_node' returned '0': PYTHONPATH=/home/yamashita/LegControll/build/monitor_node/prefix_override:/home/yamashita/LegControll/install/monitor_node/lib/python3.10/site-packages:${PYTHONPATH} /usr/bin/python3 setup.py egg_info --egg-base ../../build/monitor_node build --build-base /home/yamashita/LegControll/build/monitor_node/build install --record /home/yamashita/LegControll/build/monitor_node/install.log --single-version-externally-managed
[1.874s] Level 1:colcon.colcon_core.environment:checking '/home/yamashita/LegControll/install/monitor_node' for CMake module files
[1.874s] Level 1:colcon.colcon_core.environment:checking '/home/yamashita/LegControll/install/monitor_node' for CMake config files
[1.874s] Level 1:colcon.colcon_core.environment:checking '/home/yamashita/LegControll/install/monitor_node/lib'
[1.874s] Level 1:colcon.colcon_core.environment:checking '/home/yamashita/LegControll/install/monitor_node/bin'
[1.874s] Level 1:colcon.colcon_core.environment:checking '/home/yamashita/LegControll/install/monitor_node/lib/pkgconfig/monitor_node.pc'
[1.875s] Level 1:colcon.colcon_core.environment:checking '/home/yamashita/LegControll/install/monitor_node/lib/python3.10/site-packages'
[1.875s] Level 1:colcon.colcon_core.shell:create_environment_hook('monitor_node', 'pythonpath')
[1.881s] INFO:colcon.colcon_core.shell:Creating environment hook '/home/yamashita/LegControll/install/monitor_node/share/monitor_node/hook/pythonpath.ps1'
[1.882s] INFO:colcon.colcon_core.shell:Creating environment descriptor '/home/yamashita/LegControll/install/monitor_node/share/monitor_node/hook/pythonpath.dsv'
[1.882s] INFO:colcon.colcon_core.shell:Creating environment hook '/home/yamashita/LegControll/install/monitor_node/share/monitor_node/hook/pythonpath.sh'
[1.882s] Level 1:colcon.colcon_core.environment:checking '/home/yamashita/LegControll/install/monitor_node/bin'
[1.882s] Level 1:colcon.colcon_core.environment:create_environment_scripts_only(monitor_node)
[1.891s] INFO:colcon.colcon_core.shell:Creating package script '/home/yamashita/LegControll/install/monitor_node/share/monitor_node/package.ps1'
[1.891s] INFO:colcon.colcon_core.shell:Creating package descriptor '/home/yamashita/LegControll/install/monitor_node/share/monitor_node/package.dsv'
[1.891s] INFO:colcon.colcon_core.shell:Creating package script '/home/yamashita/LegControll/install/monitor_node/share/monitor_node/package.sh'
[1.892s] INFO:colcon.colcon_core.shell:Creating package script '/home/yamashita/LegControll/install/monitor_node/share/monitor_node/package.bash'
[1.892s] INFO:colcon.colcon_core.shell:Creating package script '/home/yamashita/LegControll/install/monitor_node/share/monitor_node/package.zsh'
[1.892s] Level 1:colcon.colcon_core.environment:create_file_with_runtime_dependencies(/home/yamashita/LegControll/install/monitor_node/share/colcon-core/packages/monitor_node)
[1.894s] DEBUG:colcon.colcon_core.event_handler.log_command:Invoked command in '/home/yamashita/LegControll/src/test_controll' returned '0': PYTHONPATH=/home/yamashita/LegControll/build/test_controll/prefix_override:/home/yamashita/LegControll/install/test_controll/lib/python3.10/site-packages:${PYTHONPATH} /usr/bin/python3 setup.py egg_info --egg-base ../../build/test_controll build --build-base /home/yamashita/LegControll/build/test_controll/build install --record /home/yamashita/LegControll/build/test_controll/install.log --single-version-externally-managed
[1.902s] Level 1:colcon.colcon_core.environment:checking '/home/yamashita/LegControll/install/test_controll' for CMake module files
[1.902s] Level 1:colcon.colcon_core.environment:checking '/home/yamashita/LegControll/install/test_controll' for CMake config files
[1.902s] Level 1:colcon.colcon_core.environment:checking '/home/yamashita/LegControll/install/test_controll/lib'
[1.902s] Level 1:colcon.colcon_core.environment:checking '/home/yamashita/LegControll/install/test_controll/bin'
[1.902s] Level 1:colcon.colcon_core.environment:checking '/home/yamashita/LegControll/install/test_controll/lib/pkgconfig/test_controll.pc'
[1.903s] Level 1:colcon.colcon_core.environment:checking '/home/yamashita/LegControll/install/test_controll/lib/python3.10/site-packages'
[1.903s] Level 1:colcon.colcon_core.shell:create_environment_hook('test_controll', 'pythonpath')
[1.910s] INFO:colcon.colcon_core.shell:Creating environment hook '/home/yamashita/LegControll/install/test_controll/share/test_controll/hook/pythonpath.ps1'
[1.910s] INFO:colcon.colcon_core.shell:Creating environment descriptor '/home/yamashita/LegControll/install/test_controll/share/test_controll/hook/pythonpath.dsv'
[1.910s] INFO:colcon.colcon_core.shell:Creating environment hook '/home/yamashita/LegControll/install/test_controll/share/test_controll/hook/pythonpath.sh'
[1.911s] Level 1:colcon.colcon_core.environment:checking '/home/yamashita/LegControll/install/test_controll/bin'
[1.911s] Level 1:colcon.colcon_core.environment:create_environment_scripts_only(test_controll)
[1.917s] INFO:colcon.colcon_core.shell:Creating package script '/home/yamashita/LegControll/install/test_controll/share/test_controll/package.ps1'
[1.918s] INFO:colcon.colcon_core.shell:Creating package descriptor '/home/yamashita/LegControll/install/test_controll/share/test_controll/package.dsv'
[1.918s] INFO:colcon.colcon_core.shell:Creating package script '/home/yamashita/LegControll/install/test_controll/share/test_controll/package.sh'
[1.918s] INFO:colcon.colcon_core.shell:Creating package script '/home/yamashita/LegControll/install/test_controll/share/test_controll/package.bash'
[1.918s] INFO:colcon.colcon_core.shell:Creating package script '/home/yamashita/LegControll/install/test_controll/share/test_controll/package.zsh'
[1.919s] Level 1:colcon.colcon_core.environment:create_file_with_runtime_dependencies(/home/yamashita/LegControll/install/test_controll/share/colcon-core/packages/test_controll)
[1.919s] DEBUG:colcon.colcon_parallel_executor.executor.parallel:closing loop
[1.920s] DEBUG:colcon.colcon_parallel_executor.executor.parallel:loop closed
[1.920s] DEBUG:colcon.colcon_parallel_executor.executor.parallel:run_until_complete finished with '0'
[1.920s] DEBUG:colcon.colcon_core.event_reactor:joining thread
[1.976s] INFO:colcon.colcon_core.plugin_system:Skipping extension 'colcon_notification.desktop_notification.notify_send': Could not find 'notify-send'
[1.977s] INFO:colcon.colcon_core.plugin_system:Skipping extension 'colcon_notification.desktop_notification.terminal_notifier': Not used on non-Darwin systems
[1.977s] INFO:colcon.colcon_core.plugin_system:Skipping extension 'colcon_notification.desktop_notification.win32': Not used on non-Windows systems
[1.977s] INFO:colcon.colcon_notification.desktop_notification:Sending desktop notification using 'notify2'
[1.977s] DEBUG:colcon.colcon_notification.desktop_notification.notify2:Failed to initialize notify2: org.freedesktop.DBus.Error.FileNotFound: Failed to connect to socket /run/user/1000/bus: No such file or directory
[1.977s] DEBUG:colcon.colcon_core.event_reactor:joined thread
[1.988s] INFO:colcon.colcon_core.shell:Creating prefix script '/home/yamashita/LegControll/install/local_setup.ps1'
[1.989s] INFO:colcon.colcon_core.shell:Creating prefix util module '/home/yamashita/LegControll/install/_local_setup_util_ps1.py'
[1.990s] INFO:colcon.colcon_core.shell:Creating prefix chain script '/home/yamashita/LegControll/install/setup.ps1'
[2.004s] INFO:colcon.colcon_core.shell:Creating prefix script '/home/yamashita/LegControll/install/local_setup.sh'
[2.005s] INFO:colcon.colcon_core.shell:Creating prefix util module '/home/yamashita/LegControll/install/_local_setup_util_sh.py'
[2.005s] INFO:colcon.colcon_core.shell:Creating prefix chain script '/home/yamashita/LegControll/install/setup.sh'
[2.017s] INFO:colcon.colcon_core.shell:Creating prefix script '/home/yamashita/LegControll/install/local_setup.bash'
[2.018s] INFO:colcon.colcon_core.shell:Creating prefix chain script '/home/yamashita/LegControll/install/setup.bash'
[2.027s] INFO:colcon.colcon_core.shell:Creating prefix script '/home/yamashita/LegControll/install/local_setup.zsh'
[2.027s] INFO:colcon.colcon_core.shell:Creating prefix chain script '/home/yamashita/LegControll/install/setup.zsh'
